Analysis & Synthesis report for clock_24hr
Thu May 25 19:43:34 2023
Quartus Prime Version 17.0.0 Build 595 04/25/2017 SJ Lite Edition


---------------------
; Table of Contents ;
---------------------
  1. Legal Notice
  2. Analysis & Synthesis Summary
  3. Analysis & Synthesis Settings
  4. Parallel Compilation
  5. Analysis & Synthesis Source Files Read
  6. Analysis & Synthesis Resource Usage Summary
  7. Analysis & Synthesis Resource Utilization by Entity
  8. Registers Removed During Synthesis
  9. General Register Statistics
 10. Multiplexer Restructuring Statistics (Restructuring Performed)
 11. Post-Synthesis Netlist Statistics for Top Partition
 12. Elapsed Time Per Partition
 13. Analysis & Synthesis Messages



----------------
; Legal Notice ;
----------------
Copyright (C) 2017  Intel Corporation. All rights reserved.
Your use of Intel Corporation's design tools, logic functions 
and other software and tools, and its AMPP partner logic 
functions, and any output files from any of the foregoing 
(including device programming or simulation files), and any 
associated documentation or information are expressly subject 
to the terms and conditions of the Intel Program License 
Subscription Agreement, the Intel Quartus Prime License Agreement,
the Intel MegaCore Function License Agreement, or other 
applicable license agreement, including, without limitation, 
that your use is for the sole purpose of programming logic 
devices manufactured by Intel and sold by Intel or its 
authorized distributors.  Please refer to the applicable 
agreement for further details.



+----------------------------------------------------------------------------------+
; Analysis & Synthesis Summary                                                     ;
+------------------------------------+---------------------------------------------+
; Analysis & Synthesis Status        ; Successful - Thu May 25 19:43:34 2023       ;
; Quartus Prime Version              ; 17.0.0 Build 595 04/25/2017 SJ Lite Edition ;
; Revision Name                      ; clock_24hr                                  ;
; Top-level Entity Name              ; clock_24hr                                  ;
; Family                             ; Cyclone IV E                                ;
; Total logic elements               ; 81                                          ;
;     Total combinational functions  ; 80                                          ;
;     Dedicated logic registers      ; 43                                          ;
; Total registers                    ; 43                                          ;
; Total pins                         ; 41                                          ;
; Total virtual pins                 ; 0                                           ;
; Total memory bits                  ; 0                                           ;
; Embedded Multiplier 9-bit elements ; 0                                           ;
; Total PLLs                         ; 0                                           ;
+------------------------------------+---------------------------------------------+


+----------------------------------------------------------------------------------------------------------------------+
; Analysis & Synthesis Settings                                                                                        ;
+----------------------------------------------------------------------------+--------------------+--------------------+
; Option                                                                     ; Setting            ; Default Value      ;
+----------------------------------------------------------------------------+--------------------+--------------------+
; Device                                                                     ; EP4CE40F23C8       ;                    ;
; Top-level entity name                                                      ; clock_24hr         ; clock_24hr         ;
; Family name                                                                ; Cyclone IV E       ; Cyclone V          ;
; Use smart compilation                                                      ; Off                ; Off                ;
; Enable parallel Assembler and TimeQuest Timing Analyzer during compilation ; On                 ; On                 ;
; Enable compact report table                                                ; Off                ; Off                ;
; Restructure Multiplexers                                                   ; Auto               ; Auto               ;
; Create Debugging Nodes for IP Cores                                        ; Off                ; Off                ;
; Preserve fewer node names                                                  ; On                 ; On                 ;
; OpenCore Plus hardware evaluation                                          ; Enable             ; Enable             ;
; Verilog Version                                                            ; Verilog_2001       ; Verilog_2001       ;
; VHDL Version                                                               ; VHDL_1993          ; VHDL_1993          ;
; State Machine Processing                                                   ; Auto               ; Auto               ;
; Safe State Machine                                                         ; Off                ; Off                ;
; Extract Verilog State Machines                                             ; On                 ; On                 ;
; Extract VHDL State Machines                                                ; On                 ; On                 ;
; Ignore Verilog initial constructs                                          ; Off                ; Off                ;
; Iteration limit for constant Verilog loops                                 ; 5000               ; 5000               ;
; Iteration limit for non-constant Verilog loops                             ; 250                ; 250                ;
; Add Pass-Through Logic to Inferred RAMs                                    ; On                 ; On                 ;
; Infer RAMs from Raw Logic                                                  ; On                 ; On                 ;
; Parallel Synthesis                                                         ; On                 ; On                 ;
; DSP Block Balancing                                                        ; Auto               ; Auto               ;
; NOT Gate Push-Back                                                         ; On                 ; On                 ;
; Power-Up Don't Care                                                        ; On                 ; On                 ;
; Remove Redundant Logic Cells                                               ; Off                ; Off                ;
; Remove Duplicate Registers                                                 ; On                 ; On                 ;
; Ignore CARRY Buffers                                                       ; Off                ; Off                ;
; Ignore CASCADE Buffers                                                     ; Off                ; Off                ;
; Ignore GLOBAL Buffers                                                      ; Off                ; Off                ;
; Ignore ROW GLOBAL Buffers                                                  ; Off                ; Off                ;
; Ignore LCELL Buffers                                                       ; Off                ; Off                ;
; Ignore SOFT Buffers                                                        ; On                 ; On                 ;
; Limit AHDL Integers to 32 Bits                                             ; Off                ; Off                ;
; Optimization Technique                                                     ; Balanced           ; Balanced           ;
; Carry Chain Length                                                         ; 70                 ; 70                 ;
; Auto Carry Chains                                                          ; On                 ; On                 ;
; Auto Open-Drain Pins                                                       ; On                 ; On                 ;
; Perform WYSIWYG Primitive Resynthesis                                      ; Off                ; Off                ;
; Auto ROM Replacement                                                       ; On                 ; On                 ;
; Auto RAM Replacement                                                       ; On                 ; On                 ;
; Auto DSP Block Replacement                                                 ; On                 ; On                 ;
; Auto Shift Register Replacement                                            ; Auto               ; Auto               ;
; Allow Shift Register Merging across Hierarchies                            ; Auto               ; Auto               ;
; Auto Clock Enable Replacement                                              ; On                 ; On                 ;
; Strict RAM Replacement                                                     ; Off                ; Off                ;
; Allow Synchronous Control Signals                                          ; On                 ; On                 ;
; Force Use of Synchronous Clear Signals                                     ; Off                ; Off                ;
; Auto RAM Block Balancing                                                   ; On                 ; On                 ;
; Auto RAM to Logic Cell Conversion                                          ; Off                ; Off                ;
; Auto Resource Sharing                                                      ; Off                ; Off                ;
; Allow Any RAM Size For Recognition                                         ; Off                ; Off                ;
; Allow Any ROM Size For Recognition                                         ; Off                ; Off                ;
; Allow Any Shift Register Size For Recognition                              ; Off                ; Off                ;
; Use LogicLock Constraints during Resource Balancing                        ; On                 ; On                 ;
; Ignore translate_off and synthesis_off directives                          ; Off                ; Off                ;
; Timing-Driven Synthesis                                                    ; On                 ; On                 ;
; Report Parameter Settings                                                  ; On                 ; On                 ;
; Report Source Assignments                                                  ; On                 ; On                 ;
; Report Connectivity Checks                                                 ; On                 ; On                 ;
; Ignore Maximum Fan-Out Assignments                                         ; Off                ; Off                ;
; Synchronization Register Chain Length                                      ; 2                  ; 2                  ;
; PowerPlay Power Optimization During Synthesis                              ; Normal compilation ; Normal compilation ;
; HDL message level                                                          ; Level2             ; Level2             ;
; Suppress Register Optimization Related Messages                            ; Off                ; Off                ;
; Number of Removed Registers Reported in Synthesis Report                   ; 5000               ; 5000               ;
; Number of Swept Nodes Reported in Synthesis Report                         ; 5000               ; 5000               ;
; Number of Inverted Registers Reported in Synthesis Report                  ; 100                ; 100                ;
; Clock MUX Protection                                                       ; On                 ; On                 ;
; Auto Gated Clock Conversion                                                ; Off                ; Off                ;
; Block Design Naming                                                        ; Auto               ; Auto               ;
; SDC constraint protection                                                  ; Off                ; Off                ;
; Synthesis Effort                                                           ; Auto               ; Auto               ;
; Shift Register Replacement - Allow Asynchronous Clear Signal               ; On                 ; On                 ;
; Pre-Mapping Resynthesis Optimization                                       ; Off                ; Off                ;
; Analysis & Synthesis Message Level                                         ; Medium             ; Medium             ;
; Disable Register Merging Across Hierarchies                                ; Auto               ; Auto               ;
; Resource Aware Inference For Block RAM                                     ; On                 ; On                 ;
+----------------------------------------------------------------------------+--------------------+--------------------+


+------------------------------------------+
; Parallel Compilation                     ;
+----------------------------+-------------+
; Processors                 ; Number      ;
+----------------------------+-------------+
; Number detected on machine ; 12          ;
; Maximum allowed            ; 6           ;
;                            ;             ;
; Average used               ; 1.00        ;
; Maximum used               ; 6           ;
;                            ;             ;
; Usage by Processor         ; % Time Used ;
;     Processor 1            ; 100.0%      ;
;     Processor 2            ;   0.0%      ;
;     Processors 3-6         ;   0.0%      ;
+----------------------------+-------------+


+----------------------------------------------------------------------------------------------------------------------------------------+
; Analysis & Synthesis Source Files Read                                                                                                 ;
+----------------------------------+-----------------+------------------------+------------------------------------------------+---------+
; File Name with User-Entered Path ; Used in Netlist ; File Type              ; File Name with Absolute Path                   ; Library ;
+----------------------------------+-----------------+------------------------+------------------------------------------------+---------+
; clock_24hr.v                     ; yes             ; User Verilog HDL File  ; C:/intelFPGA_lite/clock(24hr)vhdl/clock_24hr.v ;         ;
+----------------------------------+-----------------+------------------------+------------------------------------------------+---------+


+-----------------------------------------------------+
; Analysis & Synthesis Resource Usage Summary         ;
+---------------------------------------------+-------+
; Resource                                    ; Usage ;
+---------------------------------------------+-------+
; Estimated Total logic elements              ; 81    ;
;                                             ;       ;
; Total combinational functions               ; 80    ;
; Logic element usage by number of LUT inputs ;       ;
;     -- 4 input functions                    ; 41    ;
;     -- 3 input functions                    ; 18    ;
;     -- <=2 input functions                  ; 21    ;
;                                             ;       ;
; Logic elements by mode                      ;       ;
;     -- normal mode                          ; 73    ;
;     -- arithmetic mode                      ; 7     ;
;                                             ;       ;
; Total registers                             ; 43    ;
;     -- Dedicated logic registers            ; 43    ;
;     -- I/O registers                        ; 0     ;
;                                             ;       ;
; I/O pins                                    ; 41    ;
;                                             ;       ;
; Embedded Multiplier 9-bit elements          ; 0     ;
;                                             ;       ;
; Maximum fan-out node                        ; cnt   ;
; Maximum fan-out                             ; 25    ;
; Total fan-out                               ; 453   ;
; Average fan-out                             ; 2.21  ;
+---------------------------------------------+-------+


+----------------------------------------------------------------------------------------------------------------------------------------------------------------------------------------------------------+
; Analysis & Synthesis Resource Utilization by Entity                                                                                                                                                      ;
+----------------------------+---------------------+---------------------------+-------------+--------------+---------+-----------+------+--------------+---------------------+-------------+--------------+
; Compilation Hierarchy Node ; Combinational ALUTs ; Dedicated Logic Registers ; Memory Bits ; DSP Elements ; DSP 9x9 ; DSP 18x18 ; Pins ; Virtual Pins ; Full Hierarchy Name ; Entity Name ; Library Name ;
+----------------------------+---------------------+---------------------------+-------------+--------------+---------+-----------+------+--------------+---------------------+-------------+--------------+
; |clock_24hr                ; 80 (80)             ; 43 (43)                   ; 0           ; 0            ; 0       ; 0         ; 41   ; 0            ; |clock_24hr         ; clock_24hr  ; work         ;
+----------------------------+---------------------+---------------------------+-------------+--------------+---------+-----------+------+--------------+---------------------+-------------+--------------+
Note: For table entries with two numbers listed, the numbers in parentheses indicate the number of resources of the given type used by the specific entity alone. The numbers listed outside of parentheses indicate the total resources of the given type used by the specific entity and all of its sub-entities in the hierarchy.


+------------------------------------------------------------+
; Registers Removed During Synthesis                         ;
+---------------------------------------+--------------------+
; Register name                         ; Reason for Removal ;
+---------------------------------------+--------------------+
; sel[0]~reg0                           ; Merged with dp     ;
; Total Number of Removed Registers = 1 ;                    ;
+---------------------------------------+--------------------+


+------------------------------------------------------+
; General Register Statistics                          ;
+----------------------------------------------+-------+
; Statistic                                    ; Value ;
+----------------------------------------------+-------+
; Total registers                              ; 43    ;
; Number of registers using Synchronous Clear  ; 0     ;
; Number of registers using Synchronous Load   ; 4     ;
; Number of registers using Asynchronous Clear ; 1     ;
; Number of registers using Asynchronous Load  ; 0     ;
; Number of registers using Clock Enable       ; 25    ;
; Number of registers using Preset             ; 0     ;
+----------------------------------------------+-------+


+--------------------------------------------------------------------------------------------------------------------------------------------+
; Multiplexer Restructuring Statistics (Restructuring Performed)                                                                             ;
+--------------------+-----------+---------------+----------------------+------------------------+------------+------------------------------+
; Multiplexer Inputs ; Bus Width ; Baseline Area ; Area if Restructured ; Saving if Restructured ; Registered ; Example Multiplexer Output   ;
+--------------------+-----------+---------------+----------------------+------------------------+------------+------------------------------+
; 4:1                ; 2 bits    ; 4 LEs         ; 4 LEs                ; 0 LEs                  ; Yes        ; |clock_24hr|sel[1]~reg0      ;
; 3:1                ; 4 bits    ; 8 LEs         ; 4 LEs                ; 4 LEs                  ; Yes        ; |clock_24hr|h_2[0]~reg0      ;
; 3:1                ; 4 bits    ; 8 LEs         ; 4 LEs                ; 4 LEs                  ; Yes        ; |clock_24hr|h_4[1]~reg0      ;
; 3:1                ; 4 bits    ; 8 LEs         ; 4 LEs                ; 4 LEs                  ; Yes        ; |clock_24hr|count_6[1]~reg0  ;
; 3:1                ; 4 bits    ; 8 LEs         ; 4 LEs                ; 4 LEs                  ; Yes        ; |clock_24hr|count_10[1]~reg0 ;
; 8:1                ; 4 bits    ; 20 LEs        ; 16 LEs               ; 4 LEs                  ; Yes        ; |clock_24hr|mul_out[0]~reg0  ;
+--------------------+-----------+---------------+----------------------+------------------------+------------+------------------------------+


+-----------------------------------------------------+
; Post-Synthesis Netlist Statistics for Top Partition ;
+-----------------------+-----------------------------+
; Type                  ; Count                       ;
+-----------------------+-----------------------------+
; boundary_port         ; 41                          ;
; cycloneiii_ff         ; 43                          ;
;     CLR               ; 1                           ;
;     ENA               ; 21                          ;
;     ENA SLD           ; 4                           ;
;     plain             ; 17                          ;
; cycloneiii_lcell_comb ; 86                          ;
;     arith             ; 7                           ;
;         2 data inputs ; 7                           ;
;     normal            ; 79                          ;
;         1 data inputs ; 13                          ;
;         2 data inputs ; 7                           ;
;         3 data inputs ; 18                          ;
;         4 data inputs ; 41                          ;
;                       ;                             ;
; Max LUT depth         ; 4.00                        ;
; Average LUT depth     ; 2.28                        ;
+-----------------------+-----------------------------+


+-------------------------------+
; Elapsed Time Per Partition    ;
+----------------+--------------+
; Partition Name ; Elapsed Time ;
+----------------+--------------+
; Top            ; 00:00:00     ;
+----------------+--------------+


+-------------------------------+
; Analysis & Synthesis Messages ;
+-------------------------------+
Info: *******************************************************************
Info: Running Quartus Prime Analysis & Synthesis
    Info: Version 17.0.0 Build 595 04/25/2017 SJ Lite Edition
    Info: Processing started: Thu May 25 19:43:26 2023
Info: Command: quartus_map --read_settings_files=on --write_settings_files=off clock_24hr -c clock_24hr
Warning (18236): Number of processors has not been specified which may cause overloading on shared machines.  Set the global assignment NUM_PARALLEL_PROCESSORS in your QSF to an appropriate value for best performance.
Info (20030): Parallel compilation is enabled and will use 6 of the 6 processors detected
Info (12021): Found 1 design units, including 1 entities, in source file clock_24hr.v
    Info (12023): Found entity 1: clock_24hr File: C:/intelFPGA_lite/clock(24hr)vhdl/clock_24hr.v Line: 1
Warning (10236): Verilog HDL Implicit Net warning at clock_24hr.v(49): created implicit net for "clk_10" File: C:/intelFPGA_lite/clock(24hr)vhdl/clock_24hr.v Line: 49
Warning (10227): Verilog HDL Port Declaration warning at clock_24hr.v(26): data type declaration for "sel" declares packed dimensions but the port declaration declaration does not File: C:/intelFPGA_lite/clock(24hr)vhdl/clock_24hr.v Line: 26
Info (10499): HDL info at clock_24hr.v(11): see declaration for object "sel" File: C:/intelFPGA_lite/clock(24hr)vhdl/clock_24hr.v Line: 11
Warning (10227): Verilog HDL Port Declaration warning at clock_24hr.v(16): data type declaration for "seg" declares packed dimensions but the port declaration declaration does not File: C:/intelFPGA_lite/clock(24hr)vhdl/clock_24hr.v Line: 16
Info (10499): HDL info at clock_24hr.v(11): see declaration for object "seg" File: C:/intelFPGA_lite/clock(24hr)vhdl/clock_24hr.v Line: 11
Warning (10227): Verilog HDL Port Declaration warning at clock_24hr.v(18): data type declaration for "mul_out" declares packed dimensions but the port declaration declaration does not File: C:/intelFPGA_lite/clock(24hr)vhdl/clock_24hr.v Line: 18
Info (10499): HDL info at clock_24hr.v(11): see declaration for object "mul_out" File: C:/intelFPGA_lite/clock(24hr)vhdl/clock_24hr.v Line: 11
Warning (10227): Verilog HDL Port Declaration warning at clock_24hr.v(18): data type declaration for "h_2" declares packed dimensions but the port declaration declaration does not File: C:/intelFPGA_lite/clock(24hr)vhdl/clock_24hr.v Line: 18
Info (10499): HDL info at clock_24hr.v(11): see declaration for object "h_2" File: C:/intelFPGA_lite/clock(24hr)vhdl/clock_24hr.v Line: 11
Warning (10227): Verilog HDL Port Declaration warning at clock_24hr.v(18): data type declaration for "h_4" declares packed dimensions but the port declaration declaration does not File: C:/intelFPGA_lite/clock(24hr)vhdl/clock_24hr.v Line: 18
Info (10499): HDL info at clock_24hr.v(11): see declaration for object "h_4" File: C:/intelFPGA_lite/clock(24hr)vhdl/clock_24hr.v Line: 11
Warning (10227): Verilog HDL Port Declaration warning at clock_24hr.v(18): data type declaration for "m_10" declares packed dimensions but the port declaration declaration does not File: C:/intelFPGA_lite/clock(24hr)vhdl/clock_24hr.v Line: 18
Info (10499): HDL info at clock_24hr.v(11): see declaration for object "m_10" File: C:/intelFPGA_lite/clock(24hr)vhdl/clock_24hr.v Line: 11
Warning (10227): Verilog HDL Port Declaration warning at clock_24hr.v(18): data type declaration for "m_6" declares packed dimensions but the port declaration declaration does not File: C:/intelFPGA_lite/clock(24hr)vhdl/clock_24hr.v Line: 18
Info (10499): HDL info at clock_24hr.v(11): see declaration for object "m_6" File: C:/intelFPGA_lite/clock(24hr)vhdl/clock_24hr.v Line: 11
Warning (10227): Verilog HDL Port Declaration warning at clock_24hr.v(18): data type declaration for "count_10" declares packed dimensions but the port declaration declaration does not File: C:/intelFPGA_lite/clock(24hr)vhdl/clock_24hr.v Line: 18
Info (10499): HDL info at clock_24hr.v(11): see declaration for object "count_10" File: C:/intelFPGA_lite/clock(24hr)vhdl/clock_24hr.v Line: 11
Warning (10227): Verilog HDL Port Declaration warning at clock_24hr.v(18): data type declaration for "count_6" declares packed dimensions but the port declaration declaration does not File: C:/intelFPGA_lite/clock(24hr)vhdl/clock_24hr.v Line: 18
Info (10499): HDL info at clock_24hr.v(11): see declaration for object "count_6" File: C:/intelFPGA_lite/clock(24hr)vhdl/clock_24hr.v Line: 11
Info (12127): Elaborating entity "clock_24hr" for the top level hierarchy
Warning (10230): Verilog HDL assignment warning at clock_24hr.v(41): truncated value with size 32 to match size of target (8) File: C:/intelFPGA_lite/clock(24hr)vhdl/clock_24hr.v Line: 41
Warning (10230): Verilog HDL assignment warning at clock_24hr.v(43): truncated value with size 32 to match size of target (1) File: C:/intelFPGA_lite/clock(24hr)vhdl/clock_24hr.v Line: 43
Warning (10230): Verilog HDL assignment warning at clock_24hr.v(56): truncated value with size 32 to match size of target (4) File: C:/intelFPGA_lite/clock(24hr)vhdl/clock_24hr.v Line: 56
Warning (10230): Verilog HDL assignment warning at clock_24hr.v(61): truncated value with size 32 to match size of target (4) File: C:/intelFPGA_lite/clock(24hr)vhdl/clock_24hr.v Line: 61
Warning (10230): Verilog HDL assignment warning at clock_24hr.v(75): truncated value with size 32 to match size of target (4) File: C:/intelFPGA_lite/clock(24hr)vhdl/clock_24hr.v Line: 75
Warning (10230): Verilog HDL assignment warning at clock_24hr.v(79): truncated value with size 32 to match size of target (4) File: C:/intelFPGA_lite/clock(24hr)vhdl/clock_24hr.v Line: 79
Warning (10230): Verilog HDL assignment warning at clock_24hr.v(83): truncated value with size 32 to match size of target (4) File: C:/intelFPGA_lite/clock(24hr)vhdl/clock_24hr.v Line: 83
Warning (10230): Verilog HDL assignment warning at clock_24hr.v(87): truncated value with size 32 to match size of target (4) File: C:/intelFPGA_lite/clock(24hr)vhdl/clock_24hr.v Line: 87
Warning (10230): Verilog HDL assignment warning at clock_24hr.v(99): truncated value with size 32 to match size of target (3) File: C:/intelFPGA_lite/clock(24hr)vhdl/clock_24hr.v Line: 99
Warning (10235): Verilog HDL Always Construct warning at clock_24hr.v(136): variable "dp" is read inside the Always Construct but isn't in the Always Construct's Event Control File: C:/intelFPGA_lite/clock(24hr)vhdl/clock_24hr.v Line: 136
Warning (10235): Verilog HDL Always Construct warning at clock_24hr.v(137): variable "mul_out" is read inside the Always Construct but isn't in the Always Construct's Event Control File: C:/intelFPGA_lite/clock(24hr)vhdl/clock_24hr.v Line: 137
Warning (10235): Verilog HDL Always Construct warning at clock_24hr.v(152): variable "mul_out" is read inside the Always Construct but isn't in the Always Construct's Event Control File: C:/intelFPGA_lite/clock(24hr)vhdl/clock_24hr.v Line: 152
Info (286030): Timing-Driven Synthesis is running
Info (16010): Generating hard_block partition "hard_block:auto_generated_inst"
    Info (16011): Adding 0 node(s), including 0 DDIO, 0 PLL, 0 transceiver and 0 LCELL
Info (21057): Implemented 122 device resources after synthesis - the final resource count might be different
    Info (21058): Implemented 2 input pins
    Info (21059): Implemented 39 output pins
    Info (21061): Implemented 81 logic cells
Info: Quartus Prime Analysis & Synthesis was successful. 0 errors, 23 warnings
    Info: Peak virtual memory: 4808 megabytes
    Info: Processing ended: Thu May 25 19:43:34 2023
    Info: Elapsed time: 00:00:08
    Info: Total CPU time (on all processors): 00:00:06


