Analysis & Synthesis report for Finger_Dance
Thu May 25 23:37:35 2023
Quartus Prime Version 17.0.0 Build 595 04/25/2017 SJ Lite Edition


---------------------
; Table of Contents ;
---------------------
  1. Legal Notice
  2. Analysis & Synthesis Summary
  3. Analysis & Synthesis Settings
  4. Parallel Compilation
  5. Analysis & Synthesis Source Files Read
  6. Analysis & Synthesis Resource Usage Summary
  7. Analysis & Synthesis Resource Utilization by Entity
  8. User-Specified and Inferred Latches
  9. Registers Removed During Synthesis
 10. General Register Statistics
 11. Inverted Register Statistics
 12. Multiplexer Restructuring Statistics (Restructuring Performed)
 13. Post-Synthesis Netlist Statistics for Top Partition
 14. Elapsed Time Per Partition
 15. Analysis & Synthesis Messages
 16. Analysis & Synthesis Suppressed Messages



----------------
; Legal Notice ;
----------------
Copyright (C) 2017  Intel Corporation. All rights reserved.
Your use of Intel Corporation's design tools, logic functions 
and other software and tools, and its AMPP partner logic 
functions, and any output files from any of the foregoing 
(including device programming or simulation files), and any 
associated documentation or information are expressly subject 
to the terms and conditions of the Intel Program License 
Subscription Agreement, the Intel Quartus Prime License Agreement,
the Intel MegaCore Function License Agreement, or other 
applicable license agreement, including, without limitation, 
that your use is for the sole purpose of programming logic 
devices manufactured by Intel and sold by Intel or its 
authorized distributors.  Please refer to the applicable 
agreement for further details.



+----------------------------------------------------------------------------------+
; Analysis & Synthesis Summary                                                     ;
+------------------------------------+---------------------------------------------+
; Analysis & Synthesis Status        ; Successful - Thu May 25 23:37:35 2023       ;
; Quartus Prime Version              ; 17.0.0 Build 595 04/25/2017 SJ Lite Edition ;
; Revision Name                      ; Finger_Dance                                ;
; Top-level Entity Name              ; main                                        ;
; Family                             ; Cyclone IV E                                ;
; Total logic elements               ; 175                                         ;
;     Total combinational functions  ; 171                                         ;
;     Dedicated logic registers      ; 32                                          ;
; Total registers                    ; 32                                          ;
; Total pins                         ; 39                                          ;
; Total virtual pins                 ; 0                                           ;
; Total memory bits                  ; 0                                           ;
; Embedded Multiplier 9-bit elements ; 0                                           ;
; Total PLLs                         ; 0                                           ;
+------------------------------------+---------------------------------------------+


+----------------------------------------------------------------------------------------------------------------------+
; Analysis & Synthesis Settings                                                                                        ;
+----------------------------------------------------------------------------+--------------------+--------------------+
; Option                                                                     ; Setting            ; Default Value      ;
+----------------------------------------------------------------------------+--------------------+--------------------+
; Device                                                                     ; EP4CE40F23C8       ;                    ;
; Top-level entity name                                                      ; main               ; Finger_Dance       ;
; Family name                                                                ; Cyclone IV E       ; Cyclone V          ;
; Use smart compilation                                                      ; Off                ; Off                ;
; Enable parallel Assembler and TimeQuest Timing Analyzer during compilation ; On                 ; On                 ;
; Enable compact report table                                                ; Off                ; Off                ;
; Restructure Multiplexers                                                   ; Auto               ; Auto               ;
; Create Debugging Nodes for IP Cores                                        ; Off                ; Off                ;
; Preserve fewer node names                                                  ; On                 ; On                 ;
; OpenCore Plus hardware evaluation                                          ; Enable             ; Enable             ;
; Verilog Version                                                            ; Verilog_2001       ; Verilog_2001       ;
; VHDL Version                                                               ; VHDL_1993          ; VHDL_1993          ;
; State Machine Processing                                                   ; Auto               ; Auto               ;
; Safe State Machine                                                         ; Off                ; Off                ;
; Extract Verilog State Machines                                             ; On                 ; On                 ;
; Extract VHDL State Machines                                                ; On                 ; On                 ;
; Ignore Verilog initial constructs                                          ; Off                ; Off                ;
; Iteration limit for constant Verilog loops                                 ; 5000               ; 5000               ;
; Iteration limit for non-constant Verilog loops                             ; 250                ; 250                ;
; Add Pass-Through Logic to Inferred RAMs                                    ; On                 ; On                 ;
; Infer RAMs from Raw Logic                                                  ; On                 ; On                 ;
; Parallel Synthesis                                                         ; On                 ; On                 ;
; DSP Block Balancing                                                        ; Auto               ; Auto               ;
; NOT Gate Push-Back                                                         ; On                 ; On                 ;
; Power-Up Don't Care                                                        ; On                 ; On                 ;
; Remove Redundant Logic Cells                                               ; Off                ; Off                ;
; Remove Duplicate Registers                                                 ; On                 ; On                 ;
; Ignore CARRY Buffers                                                       ; Off                ; Off                ;
; Ignore CASCADE Buffers                                                     ; Off                ; Off                ;
; Ignore GLOBAL Buffers                                                      ; Off                ; Off                ;
; Ignore ROW GLOBAL Buffers                                                  ; Off                ; Off                ;
; Ignore LCELL Buffers                                                       ; Off                ; Off                ;
; Ignore SOFT Buffers                                                        ; On                 ; On                 ;
; Limit AHDL Integers to 32 Bits                                             ; Off                ; Off                ;
; Optimization Technique                                                     ; Balanced           ; Balanced           ;
; Carry Chain Length                                                         ; 70                 ; 70                 ;
; Auto Carry Chains                                                          ; On                 ; On                 ;
; Auto Open-Drain Pins                                                       ; On                 ; On                 ;
; Perform WYSIWYG Primitive Resynthesis                                      ; Off                ; Off                ;
; Auto ROM Replacement                                                       ; On                 ; On                 ;
; Auto RAM Replacement                                                       ; On                 ; On                 ;
; Auto DSP Block Replacement                                                 ; On                 ; On                 ;
; Auto Shift Register Replacement                                            ; Auto               ; Auto               ;
; Allow Shift Register Merging across Hierarchies                            ; Auto               ; Auto               ;
; Auto Clock Enable Replacement                                              ; On                 ; On                 ;
; Strict RAM Replacement                                                     ; Off                ; Off                ;
; Allow Synchronous Control Signals                                          ; On                 ; On                 ;
; Force Use of Synchronous Clear Signals                                     ; Off                ; Off                ;
; Auto RAM Block Balancing                                                   ; On                 ; On                 ;
; Auto RAM to Logic Cell Conversion                                          ; Off                ; Off                ;
; Auto Resource Sharing                                                      ; Off                ; Off                ;
; Allow Any RAM Size For Recognition                                         ; Off                ; Off                ;
; Allow Any ROM Size For Recognition                                         ; Off                ; Off                ;
; Allow Any Shift Register Size For Recognition                              ; Off                ; Off                ;
; Use LogicLock Constraints during Resource Balancing                        ; On                 ; On                 ;
; Ignore translate_off and synthesis_off directives                          ; Off                ; Off                ;
; Timing-Driven Synthesis                                                    ; On                 ; On                 ;
; Report Parameter Settings                                                  ; On                 ; On                 ;
; Report Source Assignments                                                  ; On                 ; On                 ;
; Report Connectivity Checks                                                 ; On                 ; On                 ;
; Ignore Maximum Fan-Out Assignments                                         ; Off                ; Off                ;
; Synchronization Register Chain Length                                      ; 2                  ; 2                  ;
; PowerPlay Power Optimization During Synthesis                              ; Normal compilation ; Normal compilation ;
; HDL message level                                                          ; Level2             ; Level2             ;
; Suppress Register Optimization Related Messages                            ; Off                ; Off                ;
; Number of Removed Registers Reported in Synthesis Report                   ; 5000               ; 5000               ;
; Number of Swept Nodes Reported in Synthesis Report                         ; 5000               ; 5000               ;
; Number of Inverted Registers Reported in Synthesis Report                  ; 100                ; 100                ;
; Clock MUX Protection                                                       ; On                 ; On                 ;
; Auto Gated Clock Conversion                                                ; Off                ; Off                ;
; Block Design Naming                                                        ; Auto               ; Auto               ;
; SDC constraint protection                                                  ; Off                ; Off                ;
; Synthesis Effort                                                           ; Auto               ; Auto               ;
; Shift Register Replacement - Allow Asynchronous Clear Signal               ; On                 ; On                 ;
; Pre-Mapping Resynthesis Optimization                                       ; Off                ; Off                ;
; Analysis & Synthesis Message Level                                         ; Medium             ; Medium             ;
; Disable Register Merging Across Hierarchies                                ; Auto               ; Auto               ;
; Resource Aware Inference For Block RAM                                     ; On                 ; On                 ;
+----------------------------------------------------------------------------+--------------------+--------------------+


+------------------------------------------+
; Parallel Compilation                     ;
+----------------------------+-------------+
; Processors                 ; Number      ;
+----------------------------+-------------+
; Number detected on machine ; 12          ;
; Maximum allowed            ; 6           ;
;                            ;             ;
; Average used               ; 1.00        ;
; Maximum used               ; 6           ;
;                            ;             ;
; Usage by Processor         ; % Time Used ;
;     Processor 1            ; 100.0%      ;
;     Processors 2-6         ;   0.0%      ;
+----------------------------+-------------+


+-----------------------------------------------------------------------------------------------------------------------------------------------------+
; Analysis & Synthesis Source Files Read                                                                                                              ;
+----------------------------------+-----------------+------------------------+-------------------------------------------------------------+---------+
; File Name with User-Entered Path ; Used in Netlist ; File Type              ; File Name with Absolute Path                                ; Library ;
+----------------------------------+-----------------+------------------------+-------------------------------------------------------------+---------+
; RandomDigitGenerator.v           ; yes             ; User Verilog HDL File  ; C:/intelFPGA_lite/fpga_project(vhdl)/RandomDigitGenerator.v ;         ;
; main.v                           ; yes             ; User Verilog HDL File  ; C:/intelFPGA_lite/fpga_project(vhdl)/main.v                 ;         ;
; Finger_Dance.v                   ; yes             ; User Verilog HDL File  ; C:/intelFPGA_lite/fpga_project(vhdl)/Finger_Dance.v         ;         ;
; keyboard.v                       ; yes             ; User Verilog HDL File  ; C:/intelFPGA_lite/fpga_project(vhdl)/keyboard.v             ;         ;
; decoder.v                        ; yes             ; User Verilog HDL File  ; C:/intelFPGA_lite/fpga_project(vhdl)/decoder.v              ;         ;
+----------------------------------+-----------------+------------------------+-------------------------------------------------------------+---------+


+---------------------------------------------------------+
; Analysis & Synthesis Resource Usage Summary             ;
+---------------------------------------------+-----------+
; Resource                                    ; Usage     ;
+---------------------------------------------+-----------+
; Estimated Total logic elements              ; 175       ;
;                                             ;           ;
; Total combinational functions               ; 171       ;
; Logic element usage by number of LUT inputs ;           ;
;     -- 4 input functions                    ; 92        ;
;     -- 3 input functions                    ; 55        ;
;     -- <=2 input functions                  ; 24        ;
;                                             ;           ;
; Logic elements by mode                      ;           ;
;     -- normal mode                          ; 164       ;
;     -- arithmetic mode                      ; 7         ;
;                                             ;           ;
; Total registers                             ; 32        ;
;     -- Dedicated logic registers            ; 32        ;
;     -- I/O registers                        ; 0         ;
;                                             ;           ;
; I/O pins                                    ; 39        ;
;                                             ;           ;
; Embedded Multiplier 9-bit elements          ; 0         ;
;                                             ;           ;
; Maximum fan-out node                        ; clk~input ;
; Maximum fan-out                             ; 32        ;
; Total fan-out                               ; 728       ;
; Average fan-out                             ; 2.59      ;
+---------------------------------------------+-----------+


+-----------------------------------------------------------------------------------------------------------------------------------------------------------------------------------------------------------------------------------+
; Analysis & Synthesis Resource Utilization by Entity                                                                                                                                                                               ;
+--------------------------------+---------------------+---------------------------+-------------+--------------+---------+-----------+------+--------------+---------------------------------+----------------------+--------------+
; Compilation Hierarchy Node     ; Combinational ALUTs ; Dedicated Logic Registers ; Memory Bits ; DSP Elements ; DSP 9x9 ; DSP 18x18 ; Pins ; Virtual Pins ; Full Hierarchy Name             ; Entity Name          ; Library Name ;
+--------------------------------+---------------------+---------------------------+-------------+--------------+---------+-----------+------+--------------+---------------------------------+----------------------+--------------+
; |main                          ; 171 (0)             ; 32 (0)                    ; 0           ; 0            ; 0       ; 0         ; 39   ; 0            ; |main                           ; main                 ; work         ;
;    |Finger_Dance:dance|        ; 84 (84)             ; 15 (15)                   ; 0           ; 0            ; 0       ; 0         ; 0    ; 0            ; |main|Finger_Dance:dance        ; Finger_Dance         ; work         ;
;    |RandomDigitGenerator:rand| ; 5 (5)               ; 6 (6)                     ; 0           ; 0            ; 0       ; 0         ; 0    ; 0            ; |main|RandomDigitGenerator:rand ; RandomDigitGenerator ; work         ;
;    |decoder:d_out|             ; 47 (47)             ; 0 (0)                     ; 0           ; 0            ; 0       ; 0         ; 0    ; 0            ; |main|decoder:d_out             ; decoder              ; work         ;
;    |keyboard:key_test|         ; 35 (35)             ; 11 (11)                   ; 0           ; 0            ; 0       ; 0         ; 0    ; 0            ; |main|keyboard:key_test         ; keyboard             ; work         ;
+--------------------------------+---------------------+---------------------------+-------------+--------------+---------+-----------+------+--------------+---------------------------------+----------------------+--------------+
Note: For table entries with two numbers listed, the numbers in parentheses indicate the number of resources of the given type used by the specific entity alone. The numbers listed outside of parentheses indicate the total resources of the given type used by the specific entity and all of its sub-entities in the hierarchy.


+------------------------------------------------------------------------------------------------------------+
; User-Specified and Inferred Latches                                                                        ;
+-----------------------------------------------------+-----------------------------+------------------------+
; Latch Name                                          ; Latch Enable Signal         ; Free of Timing Hazards ;
+-----------------------------------------------------+-----------------------------+------------------------+
; Finger_Dance:dance|keyr[0]                          ; Finger_Dance:dance|keyr[15] ; yes                    ;
; Finger_Dance:dance|keyr[1]                          ; Finger_Dance:dance|keyr[15] ; yes                    ;
; Finger_Dance:dance|keyr[2]                          ; Finger_Dance:dance|keyr[15] ; yes                    ;
; Finger_Dance:dance|keyr[3]                          ; Finger_Dance:dance|keyr[15] ; yes                    ;
; Finger_Dance:dance|keyr[4]                          ; Finger_Dance:dance|keyr[15] ; yes                    ;
; Finger_Dance:dance|keyr[5]                          ; Finger_Dance:dance|keyr[15] ; yes                    ;
; Finger_Dance:dance|keyr[6]                          ; Finger_Dance:dance|keyr[15] ; yes                    ;
; Finger_Dance:dance|keyr[7]                          ; Finger_Dance:dance|keyr[15] ; yes                    ;
; Finger_Dance:dance|keyr[8]                          ; Finger_Dance:dance|keyr[15] ; yes                    ;
; Finger_Dance:dance|keyr[9]                          ; Finger_Dance:dance|keyr[15] ; yes                    ;
; Finger_Dance:dance|keyr[10]                         ; Finger_Dance:dance|keyr[15] ; yes                    ;
; Finger_Dance:dance|keyr[11]                         ; Finger_Dance:dance|keyr[15] ; yes                    ;
; Finger_Dance:dance|keyr[12]                         ; Finger_Dance:dance|keyr[15] ; yes                    ;
; Finger_Dance:dance|keyr[13]                         ; Finger_Dance:dance|keyr[15] ; yes                    ;
; Finger_Dance:dance|keyr[14]                         ; Finger_Dance:dance|keyr[15] ; yes                    ;
; Finger_Dance:dance|keyr[15]                         ; Finger_Dance:dance|keyr[15] ; yes                    ;
; decoder:d_out|seg[6]                                ; decoder:d_out|Mux7          ; yes                    ;
; decoder:d_out|seg[5]                                ; decoder:d_out|Mux7          ; yes                    ;
; decoder:d_out|seg[4]                                ; decoder:d_out|Mux7          ; yes                    ;
; decoder:d_out|seg[3]                                ; decoder:d_out|Mux7          ; yes                    ;
; decoder:d_out|seg[2]                                ; decoder:d_out|Mux7          ; yes                    ;
; decoder:d_out|seg[1]                                ; decoder:d_out|Mux7          ; yes                    ;
; decoder:d_out|seg[0]                                ; decoder:d_out|Mux7          ; yes                    ;
; decoder:d_out|out2[0]                               ; decoder:d_out|out2[0]       ; yes                    ;
; decoder:d_out|out2[1]                               ; decoder:d_out|out2[0]       ; yes                    ;
; decoder:d_out|out2[2]                               ; decoder:d_out|out2[0]       ; yes                    ;
; decoder:d_out|out2[3]                               ; decoder:d_out|out2[0]       ; yes                    ;
; decoder:d_out|bool[0]                               ; GND                         ; yes                    ;
; decoder:d_out|bool[1]                               ; GND                         ; yes                    ;
; decoder:d_out|bool[2]                               ; GND                         ; yes                    ;
; decoder:d_out|bool[3]                               ; GND                         ; yes                    ;
; Number of user-specified and inferred latches = 31  ;                             ;                        ;
+-----------------------------------------------------+-----------------------------+------------------------+
Note: All latches listed above may not be present at the end of synthesis due to various synthesis optimizations.


+------------------------------------------------------------------------------------------------+
; Registers Removed During Synthesis                                                             ;
+---------------------------------------+--------------------------------------------------------+
; Register name                         ; Reason for Removal                                     ;
+---------------------------------------+--------------------------------------------------------+
; RandomDigitGenerator:rand|rand_num[0] ; Merged with RandomDigitGenerator:rand|prev_rand_num[0] ;
; RandomDigitGenerator:rand|rand_num[1] ; Merged with RandomDigitGenerator:rand|prev_rand_num[1] ;
; Finger_Dance:dance|dount[0]           ; Merged with Finger_Dance:dance|cdount[0]               ;
; Finger_Dance:dance|dount[1]           ; Merged with Finger_Dance:dance|cdount[1]               ;
; Finger_Dance:dance|dount[2]           ; Merged with Finger_Dance:dance|cdount[2]               ;
; Finger_Dance:dance|dount[3]           ; Merged with Finger_Dance:dance|cdount[3]               ;
; Total Number of Removed Registers = 6 ;                                                        ;
+---------------------------------------+--------------------------------------------------------+


+------------------------------------------------------+
; General Register Statistics                          ;
+----------------------------------------------+-------+
; Statistic                                    ; Value ;
+----------------------------------------------+-------+
; Total registers                              ; 32    ;
; Number of registers using Synchronous Clear  ; 0     ;
; Number of registers using Synchronous Load   ; 0     ;
; Number of registers using Asynchronous Clear ; 4     ;
; Number of registers using Asynchronous Load  ; 0     ;
; Number of registers using Clock Enable       ; 14    ;
; Number of registers using Preset             ; 0     ;
+----------------------------------------------+-------+


+--------------------------------------------------+
; Inverted Register Statistics                     ;
+----------------------------------------+---------+
; Inverted Register                      ; Fan out ;
+----------------------------------------+---------+
; RandomDigitGenerator:rand|lfsr[0]      ; 3       ;
; RandomDigitGenerator:rand|lfsr[3]      ; 1       ;
; Total number of inverted registers = 2 ;         ;
+----------------------------------------+---------+


+-------------------------------------------------------------------------------------------------------------------------------------------------+
; Multiplexer Restructuring Statistics (Restructuring Performed)                                                                                  ;
+--------------------+-----------+---------------+----------------------+------------------------+------------+-----------------------------------+
; Multiplexer Inputs ; Bus Width ; Baseline Area ; Area if Restructured ; Saving if Restructured ; Registered ; Example Multiplexer Output        ;
+--------------------+-----------+---------------+----------------------+------------------------+------------+-----------------------------------+
; 3:1                ; 4 bits    ; 8 LEs         ; 4 LEs                ; 4 LEs                  ; Yes        ; |main|keyboard:key_test|col[0]    ;
; 3:1                ; 3 bits    ; 6 LEs         ; 6 LEs                ; 0 LEs                  ; No         ; |main|Finger_Dance:dance|keyr[2]  ;
; 3:1                ; 2 bits    ; 4 LEs         ; 4 LEs                ; 0 LEs                  ; No         ; |main|Finger_Dance:dance|keyr[6]  ;
; 3:1                ; 2 bits    ; 4 LEs         ; 2 LEs                ; 2 LEs                  ; No         ; |main|decoder:d_out|bool[2]       ;
; 5:1                ; 2 bits    ; 6 LEs         ; 6 LEs                ; 0 LEs                  ; No         ; |main|Finger_Dance:dance|keyr[10] ;
; 11:1               ; 2 bits    ; 14 LEs        ; 10 LEs               ; 4 LEs                  ; No         ; |main|Finger_Dance:dance|keyr[13] ;
+--------------------+-----------+---------------+----------------------+------------------------+------------+-----------------------------------+


+-----------------------------------------------------+
; Post-Synthesis Netlist Statistics for Top Partition ;
+-----------------------+-----------------------------+
; Type                  ; Count                       ;
+-----------------------+-----------------------------+
; boundary_port         ; 39                          ;
; cycloneiii_ff         ; 32                          ;
;     CLR               ; 4                           ;
;     ENA               ; 14                          ;
;     plain             ; 14                          ;
; cycloneiii_lcell_comb ; 172                         ;
;     arith             ; 7                           ;
;         2 data inputs ; 6                           ;
;         3 data inputs ; 1                           ;
;     normal            ; 165                         ;
;         0 data inputs ; 1                           ;
;         1 data inputs ; 6                           ;
;         2 data inputs ; 12                          ;
;         3 data inputs ; 54                          ;
;         4 data inputs ; 92                          ;
;                       ;                             ;
; Max LUT depth         ; 6.00                        ;
; Average LUT depth     ; 2.85                        ;
+-----------------------+-----------------------------+


+-------------------------------+
; Elapsed Time Per Partition    ;
+----------------+--------------+
; Partition Name ; Elapsed Time ;
+----------------+--------------+
; Top            ; 00:00:00     ;
+----------------+--------------+


+-------------------------------+
; Analysis & Synthesis Messages ;
+-------------------------------+
Info: *******************************************************************
Info: Running Quartus Prime Analysis & Synthesis
    Info: Version 17.0.0 Build 595 04/25/2017 SJ Lite Edition
    Info: Processing started: Thu May 25 23:37:26 2023
Info: Command: quartus_map --read_settings_files=on --write_settings_files=off Finger_Dance -c Finger_Dance
Warning (18236): Number of processors has not been specified which may cause overloading on shared machines.  Set the global assignment NUM_PARALLEL_PROCESSORS in your QSF to an appropriate value for best performance.
Info (20030): Parallel compilation is enabled and will use 6 of the 6 processors detected
Info (12021): Found 1 design units, including 1 entities, in source file randomdigitgenerator.v
    Info (12023): Found entity 1: RandomDigitGenerator File: C:/intelFPGA_lite/fpga_project(vhdl)/RandomDigitGenerator.v Line: 1
Warning (10463): Verilog HDL Declaration warning at main.v(17): "rand" is SystemVerilog-2005 keyword File: C:/intelFPGA_lite/fpga_project(vhdl)/main.v Line: 17
Info (12021): Found 1 design units, including 1 entities, in source file main.v
    Info (12023): Found entity 1: main File: C:/intelFPGA_lite/fpga_project(vhdl)/main.v Line: 1
Info (12021): Found 1 design units, including 1 entities, in source file finger_dance.v
    Info (12023): Found entity 1: Finger_Dance File: C:/intelFPGA_lite/fpga_project(vhdl)/Finger_Dance.v Line: 1
Info (12021): Found 1 design units, including 1 entities, in source file keyboard.v
    Info (12023): Found entity 1: keyboard File: C:/intelFPGA_lite/fpga_project(vhdl)/keyboard.v Line: 1
Info (12021): Found 1 design units, including 1 entities, in source file decoder.v
    Info (12023): Found entity 1: decoder File: C:/intelFPGA_lite/fpga_project(vhdl)/decoder.v Line: 1
Info (12127): Elaborating entity "main" for the top level hierarchy
Info (12128): Elaborating entity "RandomDigitGenerator" for hierarchy "RandomDigitGenerator:rand" File: C:/intelFPGA_lite/fpga_project(vhdl)/main.v Line: 17
Warning (10240): Verilog HDL Always Construct warning at RandomDigitGenerator.v(14): inferring latch(es) for variable "seed", which holds its previous value in one or more paths through the always construct File: C:/intelFPGA_lite/fpga_project(vhdl)/RandomDigitGenerator.v Line: 14
Info (10041): Inferred latch for "seed[0]" at RandomDigitGenerator.v(14) File: C:/intelFPGA_lite/fpga_project(vhdl)/RandomDigitGenerator.v Line: 14
Info (10041): Inferred latch for "seed[1]" at RandomDigitGenerator.v(14) File: C:/intelFPGA_lite/fpga_project(vhdl)/RandomDigitGenerator.v Line: 14
Info (10041): Inferred latch for "seed[2]" at RandomDigitGenerator.v(14) File: C:/intelFPGA_lite/fpga_project(vhdl)/RandomDigitGenerator.v Line: 14
Info (10041): Inferred latch for "seed[3]" at RandomDigitGenerator.v(14) File: C:/intelFPGA_lite/fpga_project(vhdl)/RandomDigitGenerator.v Line: 14
Info (12128): Elaborating entity "Finger_Dance" for hierarchy "Finger_Dance:dance" File: C:/intelFPGA_lite/fpga_project(vhdl)/main.v Line: 19
Warning (10230): Verilog HDL assignment warning at Finger_Dance.v(22): truncated value with size 32 to match size of target (9) File: C:/intelFPGA_lite/fpga_project(vhdl)/Finger_Dance.v Line: 22
Warning (10230): Verilog HDL assignment warning at Finger_Dance.v(34): truncated value with size 32 to match size of target (4) File: C:/intelFPGA_lite/fpga_project(vhdl)/Finger_Dance.v Line: 34
Warning (10230): Verilog HDL assignment warning at Finger_Dance.v(44): truncated value with size 32 to match size of target (4) File: C:/intelFPGA_lite/fpga_project(vhdl)/Finger_Dance.v Line: 44
Warning (10235): Verilog HDL Always Construct warning at Finger_Dance.v(58): variable "out" is read inside the Always Construct but isn't in the Always Construct's Event Control File: C:/intelFPGA_lite/fpga_project(vhdl)/Finger_Dance.v Line: 58
Warning (10235): Verilog HDL Always Construct warning at Finger_Dance.v(59): variable "S" is read inside the Always Construct but isn't in the Always Construct's Event Control File: C:/intelFPGA_lite/fpga_project(vhdl)/Finger_Dance.v Line: 59
Warning (10235): Verilog HDL Always Construct warning at Finger_Dance.v(80): variable "S" is read inside the Always Construct but isn't in the Always Construct's Event Control File: C:/intelFPGA_lite/fpga_project(vhdl)/Finger_Dance.v Line: 80
Warning (10240): Verilog HDL Always Construct warning at Finger_Dance.v(54): inferring latch(es) for variable "keyr", which holds its previous value in one or more paths through the always construct File: C:/intelFPGA_lite/fpga_project(vhdl)/Finger_Dance.v Line: 54
Info (10041): Inferred latch for "keyr[0]" at Finger_Dance.v(54) File: C:/intelFPGA_lite/fpga_project(vhdl)/Finger_Dance.v Line: 54
Info (10041): Inferred latch for "keyr[1]" at Finger_Dance.v(54) File: C:/intelFPGA_lite/fpga_project(vhdl)/Finger_Dance.v Line: 54
Info (10041): Inferred latch for "keyr[2]" at Finger_Dance.v(54) File: C:/intelFPGA_lite/fpga_project(vhdl)/Finger_Dance.v Line: 54
Info (10041): Inferred latch for "keyr[3]" at Finger_Dance.v(54) File: C:/intelFPGA_lite/fpga_project(vhdl)/Finger_Dance.v Line: 54
Info (10041): Inferred latch for "keyr[4]" at Finger_Dance.v(54) File: C:/intelFPGA_lite/fpga_project(vhdl)/Finger_Dance.v Line: 54
Info (10041): Inferred latch for "keyr[5]" at Finger_Dance.v(54) File: C:/intelFPGA_lite/fpga_project(vhdl)/Finger_Dance.v Line: 54
Info (10041): Inferred latch for "keyr[6]" at Finger_Dance.v(54) File: C:/intelFPGA_lite/fpga_project(vhdl)/Finger_Dance.v Line: 54
Info (10041): Inferred latch for "keyr[7]" at Finger_Dance.v(54) File: C:/intelFPGA_lite/fpga_project(vhdl)/Finger_Dance.v Line: 54
Info (10041): Inferred latch for "keyr[8]" at Finger_Dance.v(54) File: C:/intelFPGA_lite/fpga_project(vhdl)/Finger_Dance.v Line: 54
Info (10041): Inferred latch for "keyr[9]" at Finger_Dance.v(54) File: C:/intelFPGA_lite/fpga_project(vhdl)/Finger_Dance.v Line: 54
Info (10041): Inferred latch for "keyr[10]" at Finger_Dance.v(54) File: C:/intelFPGA_lite/fpga_project(vhdl)/Finger_Dance.v Line: 54
Info (10041): Inferred latch for "keyr[11]" at Finger_Dance.v(54) File: C:/intelFPGA_lite/fpga_project(vhdl)/Finger_Dance.v Line: 54
Info (10041): Inferred latch for "keyr[12]" at Finger_Dance.v(54) File: C:/intelFPGA_lite/fpga_project(vhdl)/Finger_Dance.v Line: 54
Info (10041): Inferred latch for "keyr[13]" at Finger_Dance.v(54) File: C:/intelFPGA_lite/fpga_project(vhdl)/Finger_Dance.v Line: 54
Info (10041): Inferred latch for "keyr[14]" at Finger_Dance.v(54) File: C:/intelFPGA_lite/fpga_project(vhdl)/Finger_Dance.v Line: 54
Info (10041): Inferred latch for "keyr[15]" at Finger_Dance.v(54) File: C:/intelFPGA_lite/fpga_project(vhdl)/Finger_Dance.v Line: 54
Info (12128): Elaborating entity "keyboard" for hierarchy "keyboard:key_test" File: C:/intelFPGA_lite/fpga_project(vhdl)/main.v Line: 21
Warning (10230): Verilog HDL assignment warning at keyboard.v(66): truncated value with size 32 to match size of target (2) File: C:/intelFPGA_lite/fpga_project(vhdl)/keyboard.v Line: 66
Info (12128): Elaborating entity "decoder" for hierarchy "decoder:d_out" File: C:/intelFPGA_lite/fpga_project(vhdl)/main.v Line: 23
Warning (10230): Verilog HDL assignment warning at decoder.v(14): truncated value with size 32 to match size of target (4) File: C:/intelFPGA_lite/fpga_project(vhdl)/decoder.v Line: 14
Warning (10230): Verilog HDL assignment warning at decoder.v(21): truncated value with size 32 to match size of target (4) File: C:/intelFPGA_lite/fpga_project(vhdl)/decoder.v Line: 21
Warning (10230): Verilog HDL assignment warning at decoder.v(28): truncated value with size 32 to match size of target (4) File: C:/intelFPGA_lite/fpga_project(vhdl)/decoder.v Line: 28
Warning (10230): Verilog HDL assignment warning at decoder.v(35): truncated value with size 32 to match size of target (4) File: C:/intelFPGA_lite/fpga_project(vhdl)/decoder.v Line: 35
Warning (10240): Verilog HDL Always Construct warning at decoder.v(13): inferring latch(es) for variable "out2", which holds its previous value in one or more paths through the always construct File: C:/intelFPGA_lite/fpga_project(vhdl)/decoder.v Line: 13
Warning (10240): Verilog HDL Always Construct warning at decoder.v(13): inferring latch(es) for variable "bool", which holds its previous value in one or more paths through the always construct File: C:/intelFPGA_lite/fpga_project(vhdl)/decoder.v Line: 13
Warning (10270): Verilog HDL Case Statement warning at decoder.v(50): incomplete case statement has no default case item File: C:/intelFPGA_lite/fpga_project(vhdl)/decoder.v Line: 50
Warning (10240): Verilog HDL Always Construct warning at decoder.v(50): inferring latch(es) for variable "seg", which holds its previous value in one or more paths through the always construct File: C:/intelFPGA_lite/fpga_project(vhdl)/decoder.v Line: 50
Info (10041): Inferred latch for "seg[7]" at decoder.v(50) File: C:/intelFPGA_lite/fpga_project(vhdl)/decoder.v Line: 50
Info (10041): Inferred latch for "seg[6]" at decoder.v(50) File: C:/intelFPGA_lite/fpga_project(vhdl)/decoder.v Line: 50
Info (10041): Inferred latch for "seg[5]" at decoder.v(50) File: C:/intelFPGA_lite/fpga_project(vhdl)/decoder.v Line: 50
Info (10041): Inferred latch for "seg[4]" at decoder.v(50) File: C:/intelFPGA_lite/fpga_project(vhdl)/decoder.v Line: 50
Info (10041): Inferred latch for "seg[3]" at decoder.v(50) File: C:/intelFPGA_lite/fpga_project(vhdl)/decoder.v Line: 50
Info (10041): Inferred latch for "seg[2]" at decoder.v(50) File: C:/intelFPGA_lite/fpga_project(vhdl)/decoder.v Line: 50
Info (10041): Inferred latch for "seg[1]" at decoder.v(50) File: C:/intelFPGA_lite/fpga_project(vhdl)/decoder.v Line: 50
Info (10041): Inferred latch for "seg[0]" at decoder.v(50) File: C:/intelFPGA_lite/fpga_project(vhdl)/decoder.v Line: 50
Info (10041): Inferred latch for "bool[0]" at decoder.v(20) File: C:/intelFPGA_lite/fpga_project(vhdl)/decoder.v Line: 20
Info (10041): Inferred latch for "bool[1]" at decoder.v(20) File: C:/intelFPGA_lite/fpga_project(vhdl)/decoder.v Line: 20
Info (10041): Inferred latch for "bool[2]" at decoder.v(20) File: C:/intelFPGA_lite/fpga_project(vhdl)/decoder.v Line: 20
Info (10041): Inferred latch for "bool[3]" at decoder.v(20) File: C:/intelFPGA_lite/fpga_project(vhdl)/decoder.v Line: 20
Info (10041): Inferred latch for "out2[0]" at decoder.v(20) File: C:/intelFPGA_lite/fpga_project(vhdl)/decoder.v Line: 20
Info (10041): Inferred latch for "out2[1]" at decoder.v(20) File: C:/intelFPGA_lite/fpga_project(vhdl)/decoder.v Line: 20
Info (10041): Inferred latch for "out2[2]" at decoder.v(20) File: C:/intelFPGA_lite/fpga_project(vhdl)/decoder.v Line: 20
Info (10041): Inferred latch for "out2[3]" at decoder.v(20) File: C:/intelFPGA_lite/fpga_project(vhdl)/decoder.v Line: 20
Info (13025): Duplicate LATCH primitives merged into single LATCH primitive
    Info (13026): Duplicate LATCH primitive "Finger_Dance:dance|keyr[4]" merged with LATCH primitive "Finger_Dance:dance|keyr[3]" File: C:/intelFPGA_lite/fpga_project(vhdl)/Finger_Dance.v Line: 54
    Info (13026): Duplicate LATCH primitive "Finger_Dance:dance|keyr[15]" merged with LATCH primitive "Finger_Dance:dance|keyr[14]" File: C:/intelFPGA_lite/fpga_project(vhdl)/Finger_Dance.v Line: 54
Warning (13012): Latch Finger_Dance:dance|keyr[0] has unsafe behavior File: C:/intelFPGA_lite/fpga_project(vhdl)/Finger_Dance.v Line: 54
    Warning (13013): Ports D and ENA on the latch are fed by the same signal keyboard:key_test|out[0] File: C:/intelFPGA_lite/fpga_project(vhdl)/keyboard.v Line: 15
Warning (13012): Latch Finger_Dance:dance|keyr[1] has unsafe behavior File: C:/intelFPGA_lite/fpga_project(vhdl)/Finger_Dance.v Line: 54
    Warning (13013): Ports D and ENA on the latch are fed by the same signal keyboard:key_test|out[0] File: C:/intelFPGA_lite/fpga_project(vhdl)/keyboard.v Line: 15
Warning (13012): Latch Finger_Dance:dance|keyr[2] has unsafe behavior File: C:/intelFPGA_lite/fpga_project(vhdl)/Finger_Dance.v Line: 54
    Warning (13013): Ports D and ENA on the latch are fed by the same signal keyboard:key_test|out[0] File: C:/intelFPGA_lite/fpga_project(vhdl)/keyboard.v Line: 15
Warning (13012): Latch Finger_Dance:dance|keyr[3] has unsafe behavior File: C:/intelFPGA_lite/fpga_project(vhdl)/Finger_Dance.v Line: 54
    Warning (13013): Ports D and ENA on the latch are fed by the same signal keyboard:key_test|out[0] File: C:/intelFPGA_lite/fpga_project(vhdl)/keyboard.v Line: 15
Warning (13012): Latch Finger_Dance:dance|keyr[5] has unsafe behavior File: C:/intelFPGA_lite/fpga_project(vhdl)/Finger_Dance.v Line: 54
    Warning (13013): Ports D and ENA on the latch are fed by the same signal keyboard:key_test|out[0] File: C:/intelFPGA_lite/fpga_project(vhdl)/keyboard.v Line: 15
Warning (13012): Latch Finger_Dance:dance|keyr[6] has unsafe behavior File: C:/intelFPGA_lite/fpga_project(vhdl)/Finger_Dance.v Line: 54
    Warning (13013): Ports D and ENA on the latch are fed by the same signal keyboard:key_test|out[0] File: C:/intelFPGA_lite/fpga_project(vhdl)/keyboard.v Line: 15
Warning (13012): Latch Finger_Dance:dance|keyr[7] has unsafe behavior File: C:/intelFPGA_lite/fpga_project(vhdl)/Finger_Dance.v Line: 54
    Warning (13013): Ports D and ENA on the latch are fed by the same signal keyboard:key_test|out[0] File: C:/intelFPGA_lite/fpga_project(vhdl)/keyboard.v Line: 15
Warning (13012): Latch Finger_Dance:dance|keyr[8] has unsafe behavior File: C:/intelFPGA_lite/fpga_project(vhdl)/Finger_Dance.v Line: 54
    Warning (13013): Ports D and ENA on the latch are fed by the same signal keyboard:key_test|out[0] File: C:/intelFPGA_lite/fpga_project(vhdl)/keyboard.v Line: 15
Warning (13012): Latch Finger_Dance:dance|keyr[9] has unsafe behavior File: C:/intelFPGA_lite/fpga_project(vhdl)/Finger_Dance.v Line: 54
    Warning (13013): Ports D and ENA on the latch are fed by the same signal keyboard:key_test|out[0] File: C:/intelFPGA_lite/fpga_project(vhdl)/keyboard.v Line: 15
Warning (13012): Latch Finger_Dance:dance|keyr[10] has unsafe behavior File: C:/intelFPGA_lite/fpga_project(vhdl)/Finger_Dance.v Line: 54
    Warning (13013): Ports D and ENA on the latch are fed by the same signal keyboard:key_test|out[0] File: C:/intelFPGA_lite/fpga_project(vhdl)/keyboard.v Line: 15
Warning (13012): Latch Finger_Dance:dance|keyr[11] has unsafe behavior File: C:/intelFPGA_lite/fpga_project(vhdl)/Finger_Dance.v Line: 54
    Warning (13013): Ports D and ENA on the latch are fed by the same signal keyboard:key_test|out[0] File: C:/intelFPGA_lite/fpga_project(vhdl)/keyboard.v Line: 15
Warning (13012): Latch Finger_Dance:dance|keyr[12] has unsafe behavior File: C:/intelFPGA_lite/fpga_project(vhdl)/Finger_Dance.v Line: 54
    Warning (13013): Ports D and ENA on the latch are fed by the same signal keyboard:key_test|out[0] File: C:/intelFPGA_lite/fpga_project(vhdl)/keyboard.v Line: 15
Warning (13012): Latch Finger_Dance:dance|keyr[13] has unsafe behavior File: C:/intelFPGA_lite/fpga_project(vhdl)/Finger_Dance.v Line: 54
    Warning (13013): Ports D and ENA on the latch are fed by the same signal keyboard:key_test|out[0] File: C:/intelFPGA_lite/fpga_project(vhdl)/keyboard.v Line: 15
Warning (13012): Latch Finger_Dance:dance|keyr[14] has unsafe behavior File: C:/intelFPGA_lite/fpga_project(vhdl)/Finger_Dance.v Line: 54
    Warning (13013): Ports D and ENA on the latch are fed by the same signal keyboard:key_test|out[0] File: C:/intelFPGA_lite/fpga_project(vhdl)/keyboard.v Line: 15
Warning (13012): Latch decoder:d_out|seg[6] has unsafe behavior File: C:/intelFPGA_lite/fpga_project(vhdl)/decoder.v Line: 50
    Warning (13013): Ports D and ENA on the latch are fed by the same signal decoder:d_out|out2[1] File: C:/intelFPGA_lite/fpga_project(vhdl)/decoder.v Line: 20
Warning (13012): Latch decoder:d_out|seg[5] has unsafe behavior File: C:/intelFPGA_lite/fpga_project(vhdl)/decoder.v Line: 50
    Warning (13013): Ports D and ENA on the latch are fed by the same signal decoder:d_out|out2[1] File: C:/intelFPGA_lite/fpga_project(vhdl)/decoder.v Line: 20
Warning (13012): Latch decoder:d_out|seg[4] has unsafe behavior File: C:/intelFPGA_lite/fpga_project(vhdl)/decoder.v Line: 50
    Warning (13013): Ports D and ENA on the latch are fed by the same signal decoder:d_out|out2[1] File: C:/intelFPGA_lite/fpga_project(vhdl)/decoder.v Line: 20
Warning (13012): Latch decoder:d_out|seg[3] has unsafe behavior File: C:/intelFPGA_lite/fpga_project(vhdl)/decoder.v Line: 50
    Warning (13013): Ports D and ENA on the latch are fed by the same signal decoder:d_out|out2[1] File: C:/intelFPGA_lite/fpga_project(vhdl)/decoder.v Line: 20
Warning (13012): Latch decoder:d_out|seg[2] has unsafe behavior File: C:/intelFPGA_lite/fpga_project(vhdl)/decoder.v Line: 50
    Warning (13013): Ports D and ENA on the latch are fed by the same signal decoder:d_out|out2[1] File: C:/intelFPGA_lite/fpga_project(vhdl)/decoder.v Line: 20
Warning (13012): Latch decoder:d_out|seg[1] has unsafe behavior File: C:/intelFPGA_lite/fpga_project(vhdl)/decoder.v Line: 50
    Warning (13013): Ports D and ENA on the latch are fed by the same signal decoder:d_out|out2[2] File: C:/intelFPGA_lite/fpga_project(vhdl)/decoder.v Line: 20
Warning (13012): Latch decoder:d_out|seg[0] has unsafe behavior File: C:/intelFPGA_lite/fpga_project(vhdl)/decoder.v Line: 50
    Warning (13013): Ports D and ENA on the latch are fed by the same signal decoder:d_out|out2[1] File: C:/intelFPGA_lite/fpga_project(vhdl)/decoder.v Line: 20
Warning (13012): Latch decoder:d_out|out2[0] has unsafe behavior File: C:/intelFPGA_lite/fpga_project(vhdl)/decoder.v Line: 20
    Warning (13013): Ports D and ENA on the latch are fed by the same signal decoder:d_out|out2[0] File: C:/intelFPGA_lite/fpga_project(vhdl)/decoder.v Line: 20
Warning (13012): Latch decoder:d_out|out2[1] has unsafe behavior File: C:/intelFPGA_lite/fpga_project(vhdl)/decoder.v Line: 20
    Warning (13013): Ports D and ENA on the latch are fed by the same signal decoder:d_out|out2[0] File: C:/intelFPGA_lite/fpga_project(vhdl)/decoder.v Line: 20
Warning (13012): Latch decoder:d_out|out2[2] has unsafe behavior File: C:/intelFPGA_lite/fpga_project(vhdl)/decoder.v Line: 20
    Warning (13013): Ports D and ENA on the latch are fed by the same signal decoder:d_out|out2[2] File: C:/intelFPGA_lite/fpga_project(vhdl)/decoder.v Line: 20
Warning (13012): Latch decoder:d_out|out2[3] has unsafe behavior File: C:/intelFPGA_lite/fpga_project(vhdl)/decoder.v Line: 20
    Warning (13013): Ports D and ENA on the latch are fed by the same signal decoder:d_out|out2[3] File: C:/intelFPGA_lite/fpga_project(vhdl)/decoder.v Line: 20
Info (13000): Registers with preset signals will power-up high File: C:/intelFPGA_lite/fpga_project(vhdl)/RandomDigitGenerator.v Line: 19
Info (13003): DEV_CLRn pin will set, and not reset, register with preset signal due to NOT Gate Push-Back
Warning (13024): Output pins are stuck at VCC or GND
    Warning (13410): Pin "seg[7]" is stuck at GND File: C:/intelFPGA_lite/fpga_project(vhdl)/main.v Line: 8
Info (286030): Timing-Driven Synthesis is running
Info (144001): Generated suppressed messages file C:/intelFPGA_lite/fpga_project(vhdl)/output_files/Finger_Dance.map.smsg
Info (16010): Generating hard_block partition "hard_block:auto_generated_inst"
    Info (16011): Adding 0 node(s), including 0 DDIO, 0 PLL, 0 transceiver and 0 LCELL
Info (21057): Implemented 216 device resources after synthesis - the final resource count might be different
    Info (21058): Implemented 6 input pins
    Info (21059): Implemented 33 output pins
    Info (21061): Implemented 177 logic cells
Info: Quartus Prime Analysis & Synthesis was successful. 0 errors, 71 warnings
    Info: Peak virtual memory: 4786 megabytes
    Info: Processing ended: Thu May 25 23:37:35 2023
    Info: Elapsed time: 00:00:09
    Info: Total CPU time (on all processors): 00:00:07


+------------------------------------------+
; Analysis & Synthesis Suppressed Messages ;
+------------------------------------------+
The suppressed messages can be found in C:/intelFPGA_lite/fpga_project(vhdl)/output_files/Finger_Dance.map.smsg.


