Analysis & Synthesis report for FullAdd16
Tue Mar 07 10:19:40 2023
Quartus Prime Version 17.0.0 Build 595 04/25/2017 SJ Lite Edition


---------------------
; Table of Contents ;
---------------------
  1. Legal Notice
  2. Analysis & Synthesis Summary
  3. Analysis & Synthesis Settings
  4. Parallel Compilation
  5. Analysis & Synthesis Source Files Read
  6. Analysis & Synthesis Resource Usage Summary
  7. Analysis & Synthesis Resource Utilization by Entity
  8. General Register Statistics
  9. Post-Synthesis Netlist Statistics for Top Partition
 10. Elapsed Time Per Partition
 11. Analysis & Synthesis Messages



----------------
; Legal Notice ;
----------------
Copyright (C) 2017  Intel Corporation. All rights reserved.
Your use of Intel Corporation's design tools, logic functions 
and other software and tools, and its AMPP partner logic 
functions, and any output files from any of the foregoing 
(including device programming or simulation files), and any 
associated documentation or information are expressly subject 
to the terms and conditions of the Intel Program License 
Subscription Agreement, the Intel Quartus Prime License Agreement,
the Intel MegaCore Function License Agreement, or other 
applicable license agreement, including, without limitation, 
that your use is for the sole purpose of programming logic 
devices manufactured by Intel and sold by Intel or its 
authorized distributors.  Please refer to the applicable 
agreement for further details.



+-------------------------------------------------------------------------------+
; Analysis & Synthesis Summary                                                  ;
+---------------------------------+---------------------------------------------+
; Analysis & Synthesis Status     ; Successful - Tue Mar 07 10:19:40 2023       ;
; Quartus Prime Version           ; 17.0.0 Build 595 04/25/2017 SJ Lite Edition ;
; Revision Name                   ; FullAdd16                                   ;
; Top-level Entity Name           ; FullAdd16                                   ;
; Family                          ; Cyclone V                                   ;
; Logic utilization (in ALMs)     ; N/A                                         ;
; Total registers                 ; 0                                           ;
; Total pins                      ; 50                                          ;
; Total virtual pins              ; 0                                           ;
; Total block memory bits         ; 0                                           ;
; Total DSP Blocks                ; 0                                           ;
; Total HSSI RX PCSs              ; 0                                           ;
; Total HSSI PMA RX Deserializers ; 0                                           ;
; Total HSSI TX PCSs              ; 0                                           ;
; Total HSSI PMA TX Serializers   ; 0                                           ;
; Total PLLs                      ; 0                                           ;
; Total DLLs                      ; 0                                           ;
+---------------------------------+---------------------------------------------+


+---------------------------------------------------------------------------------------------------------------------------+
; Analysis & Synthesis Settings                                                                                             ;
+---------------------------------------------------------------------------------+--------------------+--------------------+
; Option                                                                          ; Setting            ; Default Value      ;
+---------------------------------------------------------------------------------+--------------------+--------------------+
; Device                                                                          ; 5CGXFC7C7F23C8     ;                    ;
; Top-level entity name                                                           ; FullAdd16          ; FullAdd16          ;
; Family name                                                                     ; Cyclone V          ; Cyclone V          ;
; Use smart compilation                                                           ; Off                ; Off                ;
; Enable parallel Assembler and TimeQuest Timing Analyzer during compilation      ; On                 ; On                 ;
; Enable compact report table                                                     ; Off                ; Off                ;
; Restructure Multiplexers                                                        ; Auto               ; Auto               ;
; MLAB Add Timing Constraints For Mixed-Port Feed-Through Mode Setting Don't Care ; Off                ; Off                ;
; Create Debugging Nodes for IP Cores                                             ; Off                ; Off                ;
; Preserve fewer node names                                                       ; On                 ; On                 ;
; OpenCore Plus hardware evaluation                                               ; Enable             ; Enable             ;
; Verilog Version                                                                 ; Verilog_2001       ; Verilog_2001       ;
; VHDL Version                                                                    ; VHDL_1993          ; VHDL_1993          ;
; State Machine Processing                                                        ; Auto               ; Auto               ;
; Safe State Machine                                                              ; Off                ; Off                ;
; Extract Verilog State Machines                                                  ; On                 ; On                 ;
; Extract VHDL State Machines                                                     ; On                 ; On                 ;
; Ignore Verilog initial constructs                                               ; Off                ; Off                ;
; Iteration limit for constant Verilog loops                                      ; 5000               ; 5000               ;
; Iteration limit for non-constant Verilog loops                                  ; 250                ; 250                ;
; Add Pass-Through Logic to Inferred RAMs                                         ; On                 ; On                 ;
; Infer RAMs from Raw Logic                                                       ; On                 ; On                 ;
; Parallel Synthesis                                                              ; On                 ; On                 ;
; DSP Block Balancing                                                             ; Auto               ; Auto               ;
; NOT Gate Push-Back                                                              ; On                 ; On                 ;
; Power-Up Don't Care                                                             ; On                 ; On                 ;
; Remove Redundant Logic Cells                                                    ; Off                ; Off                ;
; Remove Duplicate Registers                                                      ; On                 ; On                 ;
; Ignore CARRY Buffers                                                            ; Off                ; Off                ;
; Ignore CASCADE Buffers                                                          ; Off                ; Off                ;
; Ignore GLOBAL Buffers                                                           ; Off                ; Off                ;
; Ignore ROW GLOBAL Buffers                                                       ; Off                ; Off                ;
; Ignore LCELL Buffers                                                            ; Off                ; Off                ;
; Ignore SOFT Buffers                                                             ; On                 ; On                 ;
; Limit AHDL Integers to 32 Bits                                                  ; Off                ; Off                ;
; Optimization Technique                                                          ; Balanced           ; Balanced           ;
; Carry Chain Length                                                              ; 70                 ; 70                 ;
; Auto Carry Chains                                                               ; On                 ; On                 ;
; Auto Open-Drain Pins                                                            ; On                 ; On                 ;
; Perform WYSIWYG Primitive Resynthesis                                           ; Off                ; Off                ;
; Auto ROM Replacement                                                            ; On                 ; On                 ;
; Auto RAM Replacement                                                            ; On                 ; On                 ;
; Auto DSP Block Replacement                                                      ; On                 ; On                 ;
; Auto Shift Register Replacement                                                 ; Auto               ; Auto               ;
; Allow Shift Register Merging across Hierarchies                                 ; Auto               ; Auto               ;
; Auto Clock Enable Replacement                                                   ; On                 ; On                 ;
; Strict RAM Replacement                                                          ; Off                ; Off                ;
; Allow Synchronous Control Signals                                               ; On                 ; On                 ;
; Force Use of Synchronous Clear Signals                                          ; Off                ; Off                ;
; Auto Resource Sharing                                                           ; Off                ; Off                ;
; Allow Any RAM Size For Recognition                                              ; Off                ; Off                ;
; Allow Any ROM Size For Recognition                                              ; Off                ; Off                ;
; Allow Any Shift Register Size For Recognition                                   ; Off                ; Off                ;
; Use LogicLock Constraints during Resource Balancing                             ; On                 ; On                 ;
; Ignore translate_off and synthesis_off directives                               ; Off                ; Off                ;
; Timing-Driven Synthesis                                                         ; On                 ; On                 ;
; Report Parameter Settings                                                       ; On                 ; On                 ;
; Report Source Assignments                                                       ; On                 ; On                 ;
; Report Connectivity Checks                                                      ; On                 ; On                 ;
; Ignore Maximum Fan-Out Assignments                                              ; Off                ; Off                ;
; Synchronization Register Chain Length                                           ; 3                  ; 3                  ;
; PowerPlay Power Optimization During Synthesis                                   ; Normal compilation ; Normal compilation ;
; HDL message level                                                               ; Level2             ; Level2             ;
; Suppress Register Optimization Related Messages                                 ; Off                ; Off                ;
; Number of Removed Registers Reported in Synthesis Report                        ; 5000               ; 5000               ;
; Number of Swept Nodes Reported in Synthesis Report                              ; 5000               ; 5000               ;
; Number of Inverted Registers Reported in Synthesis Report                       ; 100                ; 100                ;
; Clock MUX Protection                                                            ; On                 ; On                 ;
; Auto Gated Clock Conversion                                                     ; Off                ; Off                ;
; Block Design Naming                                                             ; Auto               ; Auto               ;
; SDC constraint protection                                                       ; Off                ; Off                ;
; Synthesis Effort                                                                ; Auto               ; Auto               ;
; Shift Register Replacement - Allow Asynchronous Clear Signal                    ; On                 ; On                 ;
; Pre-Mapping Resynthesis Optimization                                            ; Off                ; Off                ;
; Analysis & Synthesis Message Level                                              ; Medium             ; Medium             ;
; Disable Register Merging Across Hierarchies                                     ; Auto               ; Auto               ;
; Resource Aware Inference For Block RAM                                          ; On                 ; On                 ;
; Automatic Parallel Synthesis                                                    ; On                 ; On                 ;
; Partial Reconfiguration Bitstream ID                                            ; Off                ; Off                ;
+---------------------------------------------------------------------------------+--------------------+--------------------+


+------------------------------------------+
; Parallel Compilation                     ;
+----------------------------+-------------+
; Processors                 ; Number      ;
+----------------------------+-------------+
; Number detected on machine ; 12          ;
; Maximum allowed            ; 6           ;
;                            ;             ;
; Average used               ; 1.00        ;
; Maximum used               ; 1           ;
;                            ;             ;
; Usage by Processor         ; % Time Used ;
;     Processor 1            ; 100.0%      ;
+----------------------------+-------------+


+----------------------------------------------------------------------------------------------------------------------------------+
; Analysis & Synthesis Source Files Read                                                                                           ;
+----------------------------------+-----------------+------------------------------+------------------------------------+---------+
; File Name with User-Entered Path ; Used in Netlist ; File Type                    ; File Name with Absolute Path       ; Library ;
+----------------------------------+-----------------+------------------------------+------------------------------------+---------+
; FullAdd16.v                      ; yes             ; User Verilog HDL File        ; C:/intelFPGA_lite/17.0/FullAdd16.v ;         ;
; fulladd4.v                       ; yes             ; Auto-Found Verilog HDL File  ; C:/intelFPGA_lite/17.0/fulladd4.v  ;         ;
; fulladd.v                        ; yes             ; Auto-Found Verilog HDL File  ; C:/intelFPGA_lite/17.0/fulladd.v   ;         ;
+----------------------------------+-----------------+------------------------------+------------------------------------+---------+


+----------------------------------------------------------+
; Analysis & Synthesis Resource Usage Summary              ;
+---------------------------------------------+------------+
; Resource                                    ; Usage      ;
+---------------------------------------------+------------+
; Estimate of Logic utilization (ALMs needed) ; 74         ;
;                                             ;            ;
; Combinational ALUT usage for logic          ; 148        ;
;     -- 7 input functions                    ; 0          ;
;     -- 6 input functions                    ; 0          ;
;     -- 5 input functions                    ; 3          ;
;     -- 4 input functions                    ; 37         ;
;     -- <=3 input functions                  ; 108        ;
;                                             ;            ;
; Dedicated logic registers                   ; 0          ;
;                                             ;            ;
; I/O pins                                    ; 50         ;
;                                             ;            ;
; Total DSP Blocks                            ; 0          ;
;                                             ;            ;
; Maximum fan-out node                        ; a[2]~input ;
; Maximum fan-out                             ; 26         ;
; Total fan-out                               ; 496        ;
; Average fan-out                             ; 2.00       ;
+---------------------------------------------+------------+


+--------------------------------------------------------------------------------------------------------------------------------------------------------------------------------------------------------+
; Analysis & Synthesis Resource Utilization by Entity                                                                                                                                                    ;
+----------------------------+---------------------+---------------------------+-------------------+------------+------+--------------+-------------------------------------+-------------+--------------+
; Compilation Hierarchy Node ; Combinational ALUTs ; Dedicated Logic Registers ; Block Memory Bits ; DSP Blocks ; Pins ; Virtual Pins ; Full Hierarchy Name                 ; Entity Name ; Library Name ;
+----------------------------+---------------------+---------------------------+-------------------+------------+------+--------------+-------------------------------------+-------------+--------------+
; |FullAdd16                 ; 148 (0)             ; 0 (0)                     ; 0                 ; 0          ; 50   ; 0            ; |FullAdd16                          ; FullAdd16   ; work         ;
;    |FullAdd4:fa0|          ; 10 (0)              ; 0 (0)                     ; 0                 ; 0          ; 0    ; 0            ; |FullAdd16|FullAdd4:fa0             ; FullAdd4    ; work         ;
;       |FullAdd:fa0|        ; 1 (1)               ; 0 (0)                     ; 0                 ; 0          ; 0    ; 0            ; |FullAdd16|FullAdd4:fa0|FullAdd:fa0 ; FullAdd     ; work         ;
;       |FullAdd:fa1|        ; 5 (5)               ; 0 (0)                     ; 0                 ; 0          ; 0    ; 0            ; |FullAdd16|FullAdd4:fa0|FullAdd:fa1 ; FullAdd     ; work         ;
;       |FullAdd:fa2|        ; 2 (2)               ; 0 (0)                     ; 0                 ; 0          ; 0    ; 0            ; |FullAdd16|FullAdd4:fa0|FullAdd:fa2 ; FullAdd     ; work         ;
;       |FullAdd:fa3|        ; 2 (2)               ; 0 (0)                     ; 0                 ; 0          ; 0    ; 0            ; |FullAdd16|FullAdd4:fa0|FullAdd:fa3 ; FullAdd     ; work         ;
;    |FullAdd4:fa1|          ; 30 (0)              ; 0 (0)                     ; 0                 ; 0          ; 0    ; 0            ; |FullAdd16|FullAdd4:fa1             ; FullAdd4    ; work         ;
;       |FullAdd:fa0|        ; 6 (6)               ; 0 (0)                     ; 0                 ; 0          ; 0    ; 0            ; |FullAdd16|FullAdd4:fa1|FullAdd:fa0 ; FullAdd     ; work         ;
;       |FullAdd:fa1|        ; 7 (7)               ; 0 (0)                     ; 0                 ; 0          ; 0    ; 0            ; |FullAdd16|FullAdd4:fa1|FullAdd:fa1 ; FullAdd     ; work         ;
;       |FullAdd:fa2|        ; 8 (8)               ; 0 (0)                     ; 0                 ; 0          ; 0    ; 0            ; |FullAdd16|FullAdd4:fa1|FullAdd:fa2 ; FullAdd     ; work         ;
;       |FullAdd:fa3|        ; 9 (9)               ; 0 (0)                     ; 0                 ; 0          ; 0    ; 0            ; |FullAdd16|FullAdd4:fa1|FullAdd:fa3 ; FullAdd     ; work         ;
;    |FullAdd4:fa2|          ; 46 (0)              ; 0 (0)                     ; 0                 ; 0          ; 0    ; 0            ; |FullAdd16|FullAdd4:fa2             ; FullAdd4    ; work         ;
;       |FullAdd:fa0|        ; 10 (10)             ; 0 (0)                     ; 0                 ; 0          ; 0    ; 0            ; |FullAdd16|FullAdd4:fa2|FullAdd:fa0 ; FullAdd     ; work         ;
;       |FullAdd:fa1|        ; 11 (11)             ; 0 (0)                     ; 0                 ; 0          ; 0    ; 0            ; |FullAdd16|FullAdd4:fa2|FullAdd:fa1 ; FullAdd     ; work         ;
;       |FullAdd:fa2|        ; 12 (12)             ; 0 (0)                     ; 0                 ; 0          ; 0    ; 0            ; |FullAdd16|FullAdd4:fa2|FullAdd:fa2 ; FullAdd     ; work         ;
;       |FullAdd:fa3|        ; 13 (13)             ; 0 (0)                     ; 0                 ; 0          ; 0    ; 0            ; |FullAdd16|FullAdd4:fa2|FullAdd:fa3 ; FullAdd     ; work         ;
;    |FullAdd4:fa3|          ; 62 (0)              ; 0 (0)                     ; 0                 ; 0          ; 0    ; 0            ; |FullAdd16|FullAdd4:fa3             ; FullAdd4    ; work         ;
;       |FullAdd:fa0|        ; 14 (14)             ; 0 (0)                     ; 0                 ; 0          ; 0    ; 0            ; |FullAdd16|FullAdd4:fa3|FullAdd:fa0 ; FullAdd     ; work         ;
;       |FullAdd:fa1|        ; 15 (15)             ; 0 (0)                     ; 0                 ; 0          ; 0    ; 0            ; |FullAdd16|FullAdd4:fa3|FullAdd:fa1 ; FullAdd     ; work         ;
;       |FullAdd:fa2|        ; 16 (16)             ; 0 (0)                     ; 0                 ; 0          ; 0    ; 0            ; |FullAdd16|FullAdd4:fa3|FullAdd:fa2 ; FullAdd     ; work         ;
;       |FullAdd:fa3|        ; 17 (17)             ; 0 (0)                     ; 0                 ; 0          ; 0    ; 0            ; |FullAdd16|FullAdd4:fa3|FullAdd:fa3 ; FullAdd     ; work         ;
+----------------------------+---------------------+---------------------------+-------------------+------------+------+--------------+-------------------------------------+-------------+--------------+
Note: For table entries with two numbers listed, the numbers in parentheses indicate the number of resources of the given type used by the specific entity alone. The numbers listed outside of parentheses indicate the total resources of the given type used by the specific entity and all of its sub-entities in the hierarchy.


+------------------------------------------------------+
; General Register Statistics                          ;
+----------------------------------------------+-------+
; Statistic                                    ; Value ;
+----------------------------------------------+-------+
; Total registers                              ; 0     ;
; Number of registers using Synchronous Clear  ; 0     ;
; Number of registers using Synchronous Load   ; 0     ;
; Number of registers using Asynchronous Clear ; 0     ;
; Number of registers using Asynchronous Load  ; 0     ;
; Number of registers using Clock Enable       ; 0     ;
; Number of registers using Preset             ; 0     ;
+----------------------------------------------+-------+


+-----------------------------------------------------+
; Post-Synthesis Netlist Statistics for Top Partition ;
+-----------------------+-----------------------------+
; Type                  ; Count                       ;
+-----------------------+-----------------------------+
; arriav_lcell_comb     ; 148                         ;
;     arith             ; 138                         ;
;         0 data inputs ; 12                          ;
;         1 data inputs ; 66                          ;
;         2 data inputs ; 12                          ;
;         3 data inputs ; 11                          ;
;         4 data inputs ; 36                          ;
;         5 data inputs ; 1                           ;
;     normal            ; 10                          ;
;         2 data inputs ; 4                           ;
;         3 data inputs ; 3                           ;
;         4 data inputs ; 1                           ;
;         5 data inputs ; 2                           ;
; boundary_port         ; 50                          ;
;                       ;                             ;
; Max LUT depth         ; 15.20                       ;
; Average LUT depth     ; 11.09                       ;
+-----------------------+-----------------------------+


+-------------------------------+
; Elapsed Time Per Partition    ;
+----------------+--------------+
; Partition Name ; Elapsed Time ;
+----------------+--------------+
; Top            ; 00:00:00     ;
+----------------+--------------+


+-------------------------------+
; Analysis & Synthesis Messages ;
+-------------------------------+
Info: *******************************************************************
Info: Running Quartus Prime Analysis & Synthesis
    Info: Version 17.0.0 Build 595 04/25/2017 SJ Lite Edition
    Info: Processing started: Tue Mar 07 10:19:31 2023
Info: Command: quartus_map --read_settings_files=on --write_settings_files=off FullAdd16 -c FullAdd16
Warning (18236): Number of processors has not been specified which may cause overloading on shared machines.  Set the global assignment NUM_PARALLEL_PROCESSORS in your QSF to an appropriate value for best performance.
Info (20030): Parallel compilation is enabled and will use 6 of the 6 processors detected
Info (12021): Found 1 design units, including 1 entities, in source file fulladd16.v
    Info (12023): Found entity 1: FullAdd16 File: C:/intelFPGA_lite/17.0/FullAdd16.v Line: 3
Warning (10236): Verilog HDL Implicit Net warning at FullAdd16.v(11): created implicit net for "carry_out1" File: C:/intelFPGA_lite/17.0/FullAdd16.v Line: 11
Warning (10236): Verilog HDL Implicit Net warning at FullAdd16.v(12): created implicit net for "carry_out2" File: C:/intelFPGA_lite/17.0/FullAdd16.v Line: 12
Warning (10236): Verilog HDL Implicit Net warning at FullAdd16.v(13): created implicit net for "carry_out3" File: C:/intelFPGA_lite/17.0/FullAdd16.v Line: 13
Info (12127): Elaborating entity "FullAdd16" for the top level hierarchy
Warning (12125): Using design file fulladd4.v, which is not specified as a design file for the current project, but contains definitions for 1 design units and 1 entities in project
    Info (12023): Found entity 1: FullAdd4 File: C:/intelFPGA_lite/17.0/fulladd4.v Line: 3
Warning (10236): Verilog HDL Implicit Net warning at fulladd4.v(10): created implicit net for "carry_out1" File: C:/intelFPGA_lite/17.0/fulladd4.v Line: 10
Warning (10236): Verilog HDL Implicit Net warning at fulladd4.v(11): created implicit net for "carry_out2" File: C:/intelFPGA_lite/17.0/fulladd4.v Line: 11
Warning (10236): Verilog HDL Implicit Net warning at fulladd4.v(12): created implicit net for "carry_out3" File: C:/intelFPGA_lite/17.0/fulladd4.v Line: 12
Info (12128): Elaborating entity "FullAdd4" for hierarchy "FullAdd4:fa0" File: C:/intelFPGA_lite/17.0/FullAdd16.v Line: 11
Warning (12125): Using design file fulladd.v, which is not specified as a design file for the current project, but contains definitions for 1 design units and 1 entities in project
    Info (12023): Found entity 1: FullAdd File: C:/intelFPGA_lite/17.0/fulladd.v Line: 3
Info (12128): Elaborating entity "FullAdd" for hierarchy "FullAdd4:fa0|FullAdd:fa0" File: C:/intelFPGA_lite/17.0/fulladd4.v Line: 10
Info (286030): Timing-Driven Synthesis is running
Info (16010): Generating hard_block partition "hard_block:auto_generated_inst"
    Info (16011): Adding 0 node(s), including 0 DDIO, 0 PLL, 0 transceiver and 0 LCELL
Info (21057): Implemented 198 device resources after synthesis - the final resource count might be different
    Info (21058): Implemented 33 input pins
    Info (21059): Implemented 17 output pins
    Info (21061): Implemented 148 logic cells
Info: Quartus Prime Analysis & Synthesis was successful. 0 errors, 9 warnings
    Info: Peak virtual memory: 4828 megabytes
    Info: Processing ended: Tue Mar 07 10:19:40 2023
    Info: Elapsed time: 00:00:09
    Info: Total CPU time (on all processors): 00:00:08


