Analysis & Synthesis report for twelveHR
Mon Oct 24 10:44:38 2022
Quartus Prime Version 17.0.0 Build 595 04/25/2017 SJ Lite Edition


---------------------
; Table of Contents ;
---------------------
  1. Legal Notice
  2. Analysis & Synthesis Summary
  3. Analysis & Synthesis Settings
  4. Parallel Compilation
  5. Analysis & Synthesis Source Files Read
  6. Analysis & Synthesis Resource Usage Summary
  7. Analysis & Synthesis Resource Utilization by Entity
  8. Registers Removed During Synthesis
  9. Removed Registers Triggering Further Register Optimizations
 10. General Register Statistics
 11. Post-Synthesis Netlist Statistics for Top Partition
 12. Elapsed Time Per Partition
 13. Analysis & Synthesis Messages



----------------
; Legal Notice ;
----------------
Copyright (C) 2017  Intel Corporation. All rights reserved.
Your use of Intel Corporation's design tools, logic functions 
and other software and tools, and its AMPP partner logic 
functions, and any output files from any of the foregoing 
(including device programming or simulation files), and any 
associated documentation or information are expressly subject 
to the terms and conditions of the Intel Program License 
Subscription Agreement, the Intel Quartus Prime License Agreement,
the Intel MegaCore Function License Agreement, or other 
applicable license agreement, including, without limitation, 
that your use is for the sole purpose of programming logic 
devices manufactured by Intel and sold by Intel or its 
authorized distributors.  Please refer to the applicable 
agreement for further details.



+-------------------------------------------------------------------------------+
; Analysis & Synthesis Summary                                                  ;
+---------------------------------+---------------------------------------------+
; Analysis & Synthesis Status     ; Successful - Mon Oct 24 10:44:38 2022       ;
; Quartus Prime Version           ; 17.0.0 Build 595 04/25/2017 SJ Lite Edition ;
; Revision Name                   ; twelveHR                                    ;
; Top-level Entity Name           ; twelveHR                                    ;
; Family                          ; Cyclone V                                   ;
; Logic utilization (in ALMs)     ; N/A                                         ;
; Total registers                 ; 0                                           ;
; Total pins                      ; 24                                          ;
; Total virtual pins              ; 0                                           ;
; Total block memory bits         ; 0                                           ;
; Total DSP Blocks                ; 0                                           ;
; Total HSSI RX PCSs              ; 0                                           ;
; Total HSSI PMA RX Deserializers ; 0                                           ;
; Total HSSI TX PCSs              ; 0                                           ;
; Total HSSI PMA TX Serializers   ; 0                                           ;
; Total PLLs                      ; 0                                           ;
; Total DLLs                      ; 0                                           ;
+---------------------------------+---------------------------------------------+


+---------------------------------------------------------------------------------------------------------------------------+
; Analysis & Synthesis Settings                                                                                             ;
+---------------------------------------------------------------------------------+--------------------+--------------------+
; Option                                                                          ; Setting            ; Default Value      ;
+---------------------------------------------------------------------------------+--------------------+--------------------+
; Device                                                                          ; 5CGXFC7C7F23C8     ;                    ;
; Top-level entity name                                                           ; twelveHR           ; twelveHR           ;
; Family name                                                                     ; Cyclone V          ; Cyclone V          ;
; Use smart compilation                                                           ; Off                ; Off                ;
; Enable parallel Assembler and TimeQuest Timing Analyzer during compilation      ; On                 ; On                 ;
; Enable compact report table                                                     ; Off                ; Off                ;
; Restructure Multiplexers                                                        ; Auto               ; Auto               ;
; MLAB Add Timing Constraints For Mixed-Port Feed-Through Mode Setting Don't Care ; Off                ; Off                ;
; Create Debugging Nodes for IP Cores                                             ; Off                ; Off                ;
; Preserve fewer node names                                                       ; On                 ; On                 ;
; OpenCore Plus hardware evaluation                                               ; Enable             ; Enable             ;
; Verilog Version                                                                 ; Verilog_2001       ; Verilog_2001       ;
; VHDL Version                                                                    ; VHDL_1993          ; VHDL_1993          ;
; State Machine Processing                                                        ; Auto               ; Auto               ;
; Safe State Machine                                                              ; Off                ; Off                ;
; Extract Verilog State Machines                                                  ; On                 ; On                 ;
; Extract VHDL State Machines                                                     ; On                 ; On                 ;
; Ignore Verilog initial constructs                                               ; Off                ; Off                ;
; Iteration limit for constant Verilog loops                                      ; 5000               ; 5000               ;
; Iteration limit for non-constant Verilog loops                                  ; 250                ; 250                ;
; Add Pass-Through Logic to Inferred RAMs                                         ; On                 ; On                 ;
; Infer RAMs from Raw Logic                                                       ; On                 ; On                 ;
; Parallel Synthesis                                                              ; On                 ; On                 ;
; DSP Block Balancing                                                             ; Auto               ; Auto               ;
; NOT Gate Push-Back                                                              ; On                 ; On                 ;
; Power-Up Don't Care                                                             ; On                 ; On                 ;
; Remove Redundant Logic Cells                                                    ; Off                ; Off                ;
; Remove Duplicate Registers                                                      ; On                 ; On                 ;
; Ignore CARRY Buffers                                                            ; Off                ; Off                ;
; Ignore CASCADE Buffers                                                          ; Off                ; Off                ;
; Ignore GLOBAL Buffers                                                           ; Off                ; Off                ;
; Ignore ROW GLOBAL Buffers                                                       ; Off                ; Off                ;
; Ignore LCELL Buffers                                                            ; Off                ; Off                ;
; Ignore SOFT Buffers                                                             ; On                 ; On                 ;
; Limit AHDL Integers to 32 Bits                                                  ; Off                ; Off                ;
; Optimization Technique                                                          ; Balanced           ; Balanced           ;
; Carry Chain Length                                                              ; 70                 ; 70                 ;
; Auto Carry Chains                                                               ; On                 ; On                 ;
; Auto Open-Drain Pins                                                            ; On                 ; On                 ;
; Perform WYSIWYG Primitive Resynthesis                                           ; Off                ; Off                ;
; Auto ROM Replacement                                                            ; On                 ; On                 ;
; Auto RAM Replacement                                                            ; On                 ; On                 ;
; Auto DSP Block Replacement                                                      ; On                 ; On                 ;
; Auto Shift Register Replacement                                                 ; Auto               ; Auto               ;
; Allow Shift Register Merging across Hierarchies                                 ; Auto               ; Auto               ;
; Auto Clock Enable Replacement                                                   ; On                 ; On                 ;
; Strict RAM Replacement                                                          ; Off                ; Off                ;
; Allow Synchronous Control Signals                                               ; On                 ; On                 ;
; Force Use of Synchronous Clear Signals                                          ; Off                ; Off                ;
; Auto Resource Sharing                                                           ; Off                ; Off                ;
; Allow Any RAM Size For Recognition                                              ; Off                ; Off                ;
; Allow Any ROM Size For Recognition                                              ; Off                ; Off                ;
; Allow Any Shift Register Size For Recognition                                   ; Off                ; Off                ;
; Use LogicLock Constraints during Resource Balancing                             ; On                 ; On                 ;
; Ignore translate_off and synthesis_off directives                               ; Off                ; Off                ;
; Timing-Driven Synthesis                                                         ; On                 ; On                 ;
; Report Parameter Settings                                                       ; On                 ; On                 ;
; Report Source Assignments                                                       ; On                 ; On                 ;
; Report Connectivity Checks                                                      ; On                 ; On                 ;
; Ignore Maximum Fan-Out Assignments                                              ; Off                ; Off                ;
; Synchronization Register Chain Length                                           ; 3                  ; 3                  ;
; PowerPlay Power Optimization During Synthesis                                   ; Normal compilation ; Normal compilation ;
; HDL message level                                                               ; Level2             ; Level2             ;
; Suppress Register Optimization Related Messages                                 ; Off                ; Off                ;
; Number of Removed Registers Reported in Synthesis Report                        ; 5000               ; 5000               ;
; Number of Swept Nodes Reported in Synthesis Report                              ; 5000               ; 5000               ;
; Number of Inverted Registers Reported in Synthesis Report                       ; 100                ; 100                ;
; Clock MUX Protection                                                            ; On                 ; On                 ;
; Auto Gated Clock Conversion                                                     ; Off                ; Off                ;
; Block Design Naming                                                             ; Auto               ; Auto               ;
; SDC constraint protection                                                       ; Off                ; Off                ;
; Synthesis Effort                                                                ; Auto               ; Auto               ;
; Shift Register Replacement - Allow Asynchronous Clear Signal                    ; On                 ; On                 ;
; Pre-Mapping Resynthesis Optimization                                            ; Off                ; Off                ;
; Analysis & Synthesis Message Level                                              ; Medium             ; Medium             ;
; Disable Register Merging Across Hierarchies                                     ; Auto               ; Auto               ;
; Resource Aware Inference For Block RAM                                          ; On                 ; On                 ;
; Automatic Parallel Synthesis                                                    ; On                 ; On                 ;
; Partial Reconfiguration Bitstream ID                                            ; Off                ; Off                ;
+---------------------------------------------------------------------------------+--------------------+--------------------+


+------------------------------------------+
; Parallel Compilation                     ;
+----------------------------+-------------+
; Processors                 ; Number      ;
+----------------------------+-------------+
; Number detected on machine ; 12          ;
; Maximum allowed            ; 6           ;
;                            ;             ;
; Average used               ; 1.00        ;
; Maximum used               ; 1           ;
;                            ;             ;
; Usage by Processor         ; % Time Used ;
;     Processor 1            ; 100.0%      ;
+----------------------------+-------------+


+----------------------------------------------------------------------------------------------------------------------------------------------------+
; Analysis & Synthesis Source Files Read                                                                                                             ;
+----------------------------------+-----------------+------------------------------------------+------------------------------------------+---------+
; File Name with User-Entered Path ; Used in Netlist ; File Type                                ; File Name with Absolute Path             ; Library ;
+----------------------------------+-----------------+------------------------------------------+------------------------------------------+---------+
; twelveHR.bdf                     ; yes             ; User Block Diagram/Schematic File        ; C:/intelFPGA_lite/17.0/twelveHR.bdf      ;         ;
; counter_njkff.bdf                ; yes             ; Auto-Found Block Diagram/Schematic File  ; C:/intelFPGA_lite/17.0/counter_njkff.bdf ;         ;
; njkkff.bdf                       ; yes             ; Auto-Found Block Diagram/Schematic File  ; C:/intelFPGA_lite/17.0/njkkff.bdf        ;         ;
; mod6.bdf                         ; yes             ; Auto-Found Block Diagram/Schematic File  ; C:/intelFPGA_lite/17.0/mod6.bdf          ;         ;
; mod12.bdf                        ; yes             ; Auto-Found Block Diagram/Schematic File  ; C:/intelFPGA_lite/17.0/mod12.bdf         ;         ;
+----------------------------------+-----------------+------------------------------------------+------------------------------------------+---------+


+-----------------------------------------------------------+
; Analysis & Synthesis Resource Usage Summary               ;
+---------------------------------------------+-------------+
; Resource                                    ; Usage       ;
+---------------------------------------------+-------------+
; Estimate of Logic utilization (ALMs needed) ; 0           ;
;                                             ;             ;
; Combinational ALUT usage for logic          ; 0           ;
;     -- 7 input functions                    ; 0           ;
;     -- 6 input functions                    ; 0           ;
;     -- 5 input functions                    ; 0           ;
;     -- 4 input functions                    ; 0           ;
;     -- <=3 input functions                  ; 0           ;
;                                             ;             ;
; Dedicated logic registers                   ; 0           ;
;                                             ;             ;
; I/O pins                                    ; 24          ;
;                                             ;             ;
; Total DSP Blocks                            ; 0           ;
;                                             ;             ;
; Maximum fan-out node                        ; Q1-1~output ;
; Maximum fan-out                             ; 1           ;
; Total fan-out                               ; 24          ;
; Average fan-out                             ; 0.50        ;
+---------------------------------------------+-------------+


+----------------------------------------------------------------------------------------------------------------------------------------------------------------------------------------+
; Analysis & Synthesis Resource Utilization by Entity                                                                                                                                    ;
+----------------------------+---------------------+---------------------------+-------------------+------------+------+--------------+---------------------+-------------+--------------+
; Compilation Hierarchy Node ; Combinational ALUTs ; Dedicated Logic Registers ; Block Memory Bits ; DSP Blocks ; Pins ; Virtual Pins ; Full Hierarchy Name ; Entity Name ; Library Name ;
+----------------------------+---------------------+---------------------------+-------------------+------------+------+--------------+---------------------+-------------+--------------+
; |twelveHR                  ; 0 (0)               ; 0 (0)                     ; 0                 ; 0          ; 24   ; 0            ; |twelveHR           ; twelveHR    ; work         ;
+----------------------------+---------------------+---------------------------+-------------------+------------+------+--------------+---------------------+-------------+--------------+
Note: For table entries with two numbers listed, the numbers in parentheses indicate the number of resources of the given type used by the specific entity alone. The numbers listed outside of parentheses indicate the total resources of the given type used by the specific entity and all of its sub-entities in the hierarchy.


+-------------------------------------------------------------------------------+
; Registers Removed During Synthesis                                            ;
+----------------------------------------+--------------------------------------+
; Register name                          ; Reason for Removal                   ;
+----------------------------------------+--------------------------------------+
; COUNTER_NJKFF:inst|NJKKFF:inst|inst    ; Stuck at GND due to stuck port clock ;
; COUNTER_NJKFF:inst|NJKKFF:inst6|inst   ; Stuck at GND due to stuck port clock ;
; COUNTER_NJKFF:inst|NJKKFF:inst7|inst   ; Stuck at GND due to stuck port clock ;
; COUNTER_NJKFF:inst|NJKKFF:inst8|inst   ; Stuck at GND due to stuck port clock ;
; mod6:inst3|NJKKFF:inst|inst            ; Stuck at GND due to stuck port clock ;
; mod6:inst3|NJKKFF:inst6|inst           ; Stuck at GND due to stuck port clock ;
; mod6:inst3|NJKKFF:inst7|inst           ; Stuck at GND due to stuck port clock ;
; mod6:inst3|NJKKFF:inst8|inst           ; Stuck at GND due to stuck port clock ;
; COUNTER_NJKFF:inst1|NJKKFF:inst|inst   ; Stuck at GND due to stuck port clock ;
; COUNTER_NJKFF:inst1|NJKKFF:inst6|inst  ; Stuck at GND due to stuck port clock ;
; COUNTER_NJKFF:inst1|NJKKFF:inst7|inst  ; Stuck at GND due to stuck port clock ;
; COUNTER_NJKFF:inst1|NJKKFF:inst8|inst  ; Stuck at GND due to stuck port clock ;
; mod6:inst4|NJKKFF:inst|inst            ; Stuck at GND due to stuck port clock ;
; mod6:inst4|NJKKFF:inst6|inst           ; Stuck at GND due to stuck port clock ;
; mod6:inst4|NJKKFF:inst7|inst           ; Stuck at GND due to stuck port clock ;
; mod6:inst4|NJKKFF:inst8|inst           ; Stuck at GND due to stuck port clock ;
; mod12:inst5|NJKKFF:inst|inst           ; Stuck at GND due to stuck port clock ;
; mod12:inst5|NJKKFF:inst6|inst          ; Stuck at GND due to stuck port clock ;
; mod12:inst5|NJKKFF:inst7|inst          ; Stuck at GND due to stuck port clock ;
; mod12:inst5|NJKKFF:inst8|inst          ; Stuck at GND due to stuck port clock ;
; mod12:inst5|NJKKFF:inst4|inst          ; Stuck at GND due to stuck port clock ;
; mod12:inst5|NJKKFF:inst10|inst         ; Stuck at GND due to stuck port clock ;
; mod12:inst5|NJKKFF:inst11|inst         ; Stuck at GND due to stuck port clock ;
; mod12:inst5|NJKKFF:inst12|inst         ; Stuck at GND due to stuck port clock ;
; Total Number of Removed Registers = 24 ;                                      ;
+----------------------------------------+--------------------------------------+


+--------------------------------------------------------------------------------------------------------------------------------------+
; Removed Registers Triggering Further Register Optimizations                                                                          ;
+---------------------------------------+-------------------------+--------------------------------------------------------------------+
; Register name                         ; Reason for Removal      ; Registers Removed due to This Register                             ;
+---------------------------------------+-------------------------+--------------------------------------------------------------------+
; mod12:inst5|NJKKFF:inst4|inst         ; Stuck at GND            ; mod12:inst5|NJKKFF:inst10|inst, mod12:inst5|NJKKFF:inst11|inst,    ;
;                                       ; due to stuck port clock ; mod12:inst5|NJKKFF:inst12|inst                                     ;
; mod6:inst3|NJKKFF:inst7|inst          ; Stuck at GND            ; mod6:inst3|NJKKFF:inst8|inst, COUNTER_NJKFF:inst1|NJKKFF:inst|inst ;
;                                       ; due to stuck port clock ;                                                                    ;
; mod6:inst4|NJKKFF:inst7|inst          ; Stuck at GND            ; mod6:inst4|NJKKFF:inst8|inst, mod12:inst5|NJKKFF:inst|inst         ;
;                                       ; due to stuck port clock ;                                                                    ;
; COUNTER_NJKFF:inst|NJKKFF:inst6|inst  ; Stuck at GND            ; COUNTER_NJKFF:inst|NJKKFF:inst7|inst                               ;
;                                       ; due to stuck port clock ;                                                                    ;
; COUNTER_NJKFF:inst|NJKKFF:inst8|inst  ; Stuck at GND            ; mod6:inst3|NJKKFF:inst|inst                                        ;
;                                       ; due to stuck port clock ;                                                                    ;
; COUNTER_NJKFF:inst1|NJKKFF:inst6|inst ; Stuck at GND            ; COUNTER_NJKFF:inst1|NJKKFF:inst7|inst                              ;
;                                       ; due to stuck port clock ;                                                                    ;
; COUNTER_NJKFF:inst1|NJKKFF:inst8|inst ; Stuck at GND            ; mod6:inst4|NJKKFF:inst|inst                                        ;
;                                       ; due to stuck port clock ;                                                                    ;
; mod12:inst5|NJKKFF:inst6|inst         ; Stuck at GND            ; mod12:inst5|NJKKFF:inst7|inst                                      ;
;                                       ; due to stuck port clock ;                                                                    ;
+---------------------------------------+-------------------------+--------------------------------------------------------------------+


+------------------------------------------------------+
; General Register Statistics                          ;
+----------------------------------------------+-------+
; Statistic                                    ; Value ;
+----------------------------------------------+-------+
; Total registers                              ; 0     ;
; Number of registers using Synchronous Clear  ; 0     ;
; Number of registers using Synchronous Load   ; 0     ;
; Number of registers using Asynchronous Clear ; 0     ;
; Number of registers using Asynchronous Load  ; 0     ;
; Number of registers using Clock Enable       ; 0     ;
; Number of registers using Preset             ; 0     ;
+----------------------------------------------+-------+


+-----------------------------------------------------+
; Post-Synthesis Netlist Statistics for Top Partition ;
+-----------------------+-----------------------------+
; Type                  ; Count                       ;
+-----------------------+-----------------------------+
; arriav_lcell_comb     ; 1                           ;
;     normal            ; 1                           ;
;         0 data inputs ; 1                           ;
; boundary_port         ; 24                          ;
;                       ;                             ;
; Max LUT depth         ; 0.00                        ;
; Average LUT depth     ; 0.00                        ;
+-----------------------+-----------------------------+


+-------------------------------+
; Elapsed Time Per Partition    ;
+----------------+--------------+
; Partition Name ; Elapsed Time ;
+----------------+--------------+
; Top            ; 00:00:00     ;
+----------------+--------------+


+-------------------------------+
; Analysis & Synthesis Messages ;
+-------------------------------+
Info: *******************************************************************
Info: Running Quartus Prime Analysis & Synthesis
    Info: Version 17.0.0 Build 595 04/25/2017 SJ Lite Edition
    Info: Processing started: Mon Oct 24 10:44:30 2022
Info: Command: quartus_map --read_settings_files=on --write_settings_files=off twelveHR -c twelveHR
Warning (18236): Number of processors has not been specified which may cause overloading on shared machines.  Set the global assignment NUM_PARALLEL_PROCESSORS in your QSF to an appropriate value for best performance.
Info (20030): Parallel compilation is enabled and will use 6 of the 6 processors detected
Info (12021): Found 1 design units, including 1 entities, in source file twelvehr.bdf
    Info (12023): Found entity 1: twelveHR
Info (12127): Elaborating entity "twelveHR" for the top level hierarchy
Warning (275013): Port "CLK" of type COUNTER_NJKFF and instance "inst" is missing source signal
Warning (12125): Using design file counter_njkff.bdf, which is not specified as a design file for the current project, but contains definitions for 1 design units and 1 entities in project
    Info (12023): Found entity 1: COUNTER_NJKFF
Info (12128): Elaborating entity "COUNTER_NJKFF" for hierarchy "COUNTER_NJKFF:inst"
Warning (12125): Using design file njkkff.bdf, which is not specified as a design file for the current project, but contains definitions for 1 design units and 1 entities in project
    Info (12023): Found entity 1: NJKKFF
Info (12128): Elaborating entity "NJKKFF" for hierarchy "COUNTER_NJKFF:inst|NJKKFF:inst"
Warning (12125): Using design file mod6.bdf, which is not specified as a design file for the current project, but contains definitions for 1 design units and 1 entities in project
    Info (12023): Found entity 1: mod6
Info (12128): Elaborating entity "mod6" for hierarchy "mod6:inst3"
Warning (12125): Using design file mod12.bdf, which is not specified as a design file for the current project, but contains definitions for 1 design units and 1 entities in project
    Info (12023): Found entity 1: mod12
Info (12128): Elaborating entity "mod12" for hierarchy "mod12:inst5"
Warning (13024): Output pins are stuck at VCC or GND
    Warning (13410): Pin "Q1-1" is stuck at GND
    Warning (13410): Pin "Q2-1" is stuck at GND
    Warning (13410): Pin "Q4-1" is stuck at GND
    Warning (13410): Pin "Q8-1" is stuck at GND
    Warning (13410): Pin "Q2-2" is stuck at GND
    Warning (13410): Pin "Q8-2" is stuck at GND
    Warning (13410): Pin "Q1-2" is stuck at GND
    Warning (13410): Pin "Q4-2" is stuck at GND
    Warning (13410): Pin "Q8-3" is stuck at GND
    Warning (13410): Pin "Q4-3" is stuck at GND
    Warning (13410): Pin "Q1-3" is stuck at GND
    Warning (13410): Pin "Q2-3" is stuck at GND
    Warning (13410): Pin "Q8-4" is stuck at GND
    Warning (13410): Pin "Q4-4" is stuck at GND
    Warning (13410): Pin "Q1-4" is stuck at GND
    Warning (13410): Pin "Q2-4" is stuck at GND
    Warning (13410): Pin "Q2-5" is stuck at GND
    Warning (13410): Pin "Q1-5" is stuck at GND
    Warning (13410): Pin "Q4-5" is stuck at GND
    Warning (13410): Pin "Q8-5" is stuck at GND
    Warning (13410): Pin "Q1-6" is stuck at GND
    Warning (13410): Pin "Q4-6" is stuck at GND
    Warning (13410): Pin "Q2-6" is stuck at GND
    Warning (13410): Pin "Q8-6" is stuck at GND
Info (16010): Generating hard_block partition "hard_block:auto_generated_inst"
    Info (16011): Adding 0 node(s), including 0 DDIO, 0 PLL, 0 transceiver and 0 LCELL
Info (21057): Implemented 24 device resources after synthesis - the final resource count might be different
    Info (21058): Implemented 0 input pins
    Info (21059): Implemented 24 output pins
Info: Quartus Prime Analysis & Synthesis was successful. 0 errors, 31 warnings
    Info: Peak virtual memory: 4794 megabytes
    Info: Processing ended: Mon Oct 24 10:44:38 2022
    Info: Elapsed time: 00:00:08
    Info: Total CPU time (on all processors): 00:00:18


